# JRE version: Java(TM) SE Runtime Environment (7.0_80-b15) (build 1.7.0_80-b15)
# Java VM: Java HotSpot(TM) 64-Bit Server VM (24.80-b11 mixed mode linux-amd64 compressed oops)
Heap
 PSYoungGen      total 537600K, used 18525K [0x00000007d5500000, 0x0000000800000000, 0x0000000800000000)
  eden space 412160K, 0% used [0x00000007d5500000,0x00000007d5500000,0x00000007ee780000)
  from space 125440K, 14% used [0x00000007f7380000,0x00000007f8597668,0x00000007fee00000)
  to   space 143360K, 0% used [0x00000007ee780000,0x00000007ee780000,0x00000007f7380000)
 ParOldGen       total 262144K, used 262142K [0x0000000780000000, 0x0000000790000000, 0x00000007d5500000)
  object space 262144K, 99% used [0x0000000780000000,0x000000078ffffb28,0x0000000790000000)
 PSPermGen       total 83968K, used 60884K [0x000000077ae00000, 0x0000000780000000, 0x0000000780000000)
  object space 83968K, 72% used [0x000000077ae00000,0x000000077e9750c8,0x0000000780000000)
GC Heap History (10 events):
Event: 5698,795 GC heap after
Heap after GC invocations=34 (full 7):
 PSYoungGen      total 540672K, used 96860K [0x00000007d5500000, 0x0000000800000000, 0x0000000800000000)
  eden space 443392K, 0% used [0x00000007d5500000,0x00000007d5500000,0x00000007f0600000)
  from space 97280K, 99% used [0x00000007f0600000,0x00000007f6497260,0x00000007f6500000)
  to   space 138240K, 0% used [0x00000007f7900000,0x00000007f7900000,0x0000000800000000)
 ParOldGen       total 288768K, used 245043K [0x0000000780000000, 0x0000000791a00000, 0x00000007d5500000)
  object space 288768K, 84% used [0x0000000780000000,0x000000078ef4cd10,0x0000000791a00000)
 PSPermGen       total 83968K, used 60787K [0x000000077ae00000, 0x0000000780000000, 0x0000000780000000)
  object space 83968K, 72% used [0x000000077ae00000,0x000000077e95cee8,0x0000000780000000)
}
Event: 5698,795 GC heap before
{Heap before GC invocations=35 (full 8):
 PSYoungGen      total 540672K, used 96860K [0x00000007d5500000, 0x0000000800000000, 0x0000000800000000)
  eden space 443392K, 0% used [0x00000007d5500000,0x00000007d5500000,0x00000007f0600000)
  from space 97280K, 99% used [0x00000007f0600000,0x00000007f6497260,0x00000007f6500000)
  to   space 138240K, 0% used [0x00000007f7900000,0x00000007f7900000,0x0000000800000000)
 ParOldGen       total 288768K, used 245043K [0x0000000780000000, 0x0000000791a00000, 0x00000007d5500000)
  object space 288768K, 84% used [0x0000000780000000,0x000000078ef4cd10,0x0000000791a00000)
 PSPermGen       total 83968K, used 60787K [0x000000077ae00000, 0x0000000780000000, 0x0000000780000000)
  object space 83968K, 72% used [0x000000077ae00000,0x000000077e95cee8,0x0000000780000000)
Event: 5699,631 GC heap after
Heap after GC invocations=35 (full 8):
 PSYoungGen      total 540672K, used 0K [0x00000007d5500000, 0x0000000800000000, 0x0000000800000000)
  eden space 443392K, 0% used [0x00000007d5500000,0x00000007d5500000,0x00000007f0600000)
  from space 97280K, 0% used [0x00000007f0600000,0x00000007f0600000,0x00000007f6500000)
  to   space 138240K, 0% used [0x00000007f7900000,0x00000007f7900000,0x0000000800000000)
 ParOldGen       total 262144K, used 152287K [0x0000000780000000, 0x0000000790000000, 0x00000007d5500000)
  object space 262144K, 58% used [0x0000000780000000,0x00000007894b7c10,0x0000000790000000)
 PSPermGen       total 83968K, used 60783K [0x000000077ae00000, 0x0000000780000000, 0x0000000780000000)
  object space 83968K, 72% used [0x000000077ae00000,0x000000077e95be48,0x0000000780000000)
}
Event: 5701,290 GC heap before
{Heap before GC invocations=36 (full 8):
 PSYoungGen      total 540672K, used 443392K [0x00000007d5500000, 0x0000000800000000, 0x0000000800000000)
  eden space 443392K, 100% used [0x00000007d5500000,0x00000007f0600000,0x00000007f0600000)
  from space 97280K, 0% used [0x00000007f0600000,0x00000007f0600000,0x00000007f6500000)
  to   space 138240K, 0% used [0x00000007f7900000,0x00000007f7900000,0x0000000800000000)
 ParOldGen       total 262144K, used 152287K [0x0000000780000000, 0x0000000790000000, 0x00000007d5500000)
  object space 262144K, 58% used [0x0000000780000000,0x00000007894b7c10,0x0000000790000000)
 PSPermGen       total 83968K, used 60847K [0x000000077ae00000, 0x0000000780000000, 0x0000000780000000)
  object space 83968K, 72% used [0x000000077ae00000,0x000000077e96bc50,0x0000000780000000)
Event: 5701,436 GC heap after
Heap after GC invocations=36 (full 8):
 PSYoungGen      total 568320K, used 56544K [0x00000007d5500000, 0x0000000800000000, 0x0000000800000000)
  eden space 430080K, 0% used [0x00000007d5500000,0x00000007d5500000,0x00000007ef900000)
  from space 138240K, 40% used [0x00000007f7900000,0x00000007fb0383f0,0x0000000800000000)
  to   space 131072K, 0% used [0x00000007ef900000,0x00000007ef900000,0x00000007f7900000)
 ParOldGen       total 262144K, used 152287K [0x0000000780000000, 0x0000000790000000, 0x00000007d5500000)
  object space 262144K, 58% used [0x0000000780000000,0x00000007894b7c10,0x0000000790000000)
 PSPermGen       total 83968K, used 60847K [0x000000077ae00000, 0x0000000780000000, 0x0000000780000000)
  object space 83968K, 72% used [0x000000077ae00000,0x000000077e96bc50,0x0000000780000000)
}
Event: 5703,235 GC heap before
{Heap before GC invocations=37 (full 8):
 PSYoungGen      total 568320K, used 486624K [0x00000007d5500000, 0x0000000800000000, 0x0000000800000000)
  eden space 430080K, 100% used [0x00000007d5500000,0x00000007ef900000,0x00000007ef900000)
  from space 138240K, 40% used [0x00000007f7900000,0x00000007fb0383f0,0x0000000800000000)
  to   space 131072K, 0% used [0x00000007ef900000,0x00000007ef900000,0x00000007f7900000)
 ParOldGen       total 262144K, used 152287K [0x0000000780000000, 0x0000000790000000, 0x00000007d5500000)
  object space 262144K, 58% used [0x0000000780000000,0x00000007894b7c10,0x0000000790000000)
 PSPermGen       total 83968K, used 60869K [0x000000077ae00000, 0x0000000780000000, 0x0000000780000000)
  object space 83968K, 72% used [0x000000077ae00000,0x000000077e9716f8,0x0000000780000000)
Event: 5703,514 GC heap after
Heap after GC invocations=37 (full 8):
 PSYoungGen      total 488448K, used 58276K [0x00000007d5500000, 0x00000007fee00000, 0x0000000800000000)
  eden space 430080K, 0% used [0x00000007d5500000,0x00000007d5500000,0x00000007ef900000)
  from space 58368K, 99% used [0x00000007ef900000,0x00000007f31e9090,0x00000007f3200000)
  to   space 125440K, 0% used [0x00000007f7380000,0x00000007f7380000,0x00000007fee00000)
 ParOldGen       total 262144K, used 204914K [0x0000000780000000, 0x0000000790000000, 0x00000007d5500000)
  object space 262144K, 78% used [0x0000000780000000,0x000000078c81c828,0x0000000790000000)
 PSPermGen       total 83968K, used 60869K [0x000000077ae00000, 0x0000000780000000, 0x0000000780000000)
  object space 83968K, 72% used [0x000000077ae00000,0x000000077e9716f8,0x0000000780000000)
}
Event: 5705,603 GC heap before
{Heap before GC invocations=38 (full 8):
 PSYoungGen      total 488448K, used 488356K [0x00000007d5500000, 0x00000007fee00000, 0x0000000800000000)
  eden space 430080K, 100% used [0x00000007d5500000,0x00000007ef900000,0x00000007ef900000)
  from space 58368K, 99% used [0x00000007ef900000,0x00000007f31e9090,0x00000007f3200000)
  to   space 125440K, 0% used [0x00000007f7380000,0x00000007f7380000,0x00000007fee00000)
 ParOldGen       total 262144K, used 204914K [0x0000000780000000, 0x0000000790000000, 0x00000007d5500000)
  object space 262144K, 78% used [0x0000000780000000,0x000000078c81c828,0x0000000790000000)
 PSPermGen       total 83968K, used 60884K [0x000000077ae00000, 0x0000000780000000, 0x0000000780000000)
  object space 83968K, 72% used [0x000000077ae00000,0x000000077e975328,0x0000000780000000)
Event: 5705,773 GC heap after
Heap after GC invocations=38 (full 8):
 PSYoungGen      total 537600K, used 121587K [0x00000007d5500000, 0x0000000800000000, 0x0000000800000000)
  eden space 412160K, 0% used [0x00000007d5500000,0x00000007d5500000,0x00000007ee780000)
  from space 125440K, 96% used [0x00000007f7380000,0x00000007fea3cde0,0x00000007fee00000)
  to   space 143360K, 0% used [0x00000007ee780000,0x00000007ee780000,0x00000007f7380000)
 ParOldGen       total 262144K, used 243606K [0x0000000780000000, 0x0000000790000000, 0x00000007d5500000)
  object space 262144K, 92% used [0x0000000780000000,0x000000078ede5a58,0x0000000790000000)
 PSPermGen       total 83968K, used 60884K [0x000000077ae00000, 0x0000000780000000, 0x0000000780000000)
  object space 83968K, 72% used [0x000000077ae00000,0x000000077e975328,0x0000000780000000)
}
Event: 5705,773 GC heap before
{Heap before GC invocations=39 (full 9):
 PSYoungGen      total 537600K, used 121587K [0x00000007d5500000, 0x0000000800000000, 0x0000000800000000)
  eden space 412160K, 0% used [0x00000007d5500000,0x00000007d5500000,0x00000007ee780000)
  from space 125440K, 96% used [0x00000007f7380000,0x00000007fea3cde0,0x00000007fee00000)
  to   space 143360K, 0% used [0x00000007ee780000,0x00000007ee780000,0x00000007f7380000)
 ParOldGen       total 262144K, used 243606K [0x0000000780000000, 0x0000000790000000, 0x00000007d5500000)
  object space 262144K, 92% used [0x0000000780000000,0x000000078ede5a58,0x0000000790000000)
 PSPermGen       total 83968K, used 60884K [0x000000077ae00000, 0x0000000780000000, 0x0000000780000000)
  object space 83968K, 72% used [0x000000077ae00000,0x000000077e975328,0x0000000780000000)

