# JRE version: Java(TM) SE Runtime Environment (7.0_80-b15) (build 1.7.0_80-b15)
# Java VM: Java HotSpot(TM) 64-Bit Server VM (24.80-b11 mixed mode linux-amd64 compressed oops)
Heap
 PSYoungGen      total 455168K, used 0K [0x00000007d5500000, 0x00000007ff980000, 0x0000000800000000)
  eden space 374784K, 0% used [0x00000007d5500000,0x00000007d5500000,0x00000007ec300000)
  from space 80384K, 0% used [0x00000007f3f80000,0x00000007f3f80000,0x00000007f8e00000)
  to   space 127488K, 0% used [0x00000007ec300000,0x00000007ec300000,0x00000007f3f80000)
 ParOldGen       total 279552K, used 273569K [0x0000000780000000, 0x0000000791100000, 0x00000007d5500000)
  object space 279552K, 97% used [0x0000000780000000,0x0000000790b28710,0x0000000791100000)
 PSPermGen       total 83968K, used 47952K [0x000000077ae00000, 0x0000000780000000, 0x0000000780000000)
  object space 83968K, 57% used [0x000000077ae00000,0x000000077dcd41f8,0x0000000780000000)
GC Heap History (10 events):
Event: 61,588 GC heap after
Heap after GC invocations=25 (full 4):
 PSYoungGen      total 371712K, used 58860K [0x00000007d5500000, 0x00000007f4c80000, 0x0000000800000000)
  eden space 312832K, 0% used [0x00000007d5500000,0x00000007d5500000,0x00000007e8680000)
  from space 58880K, 99% used [0x00000007e8680000,0x00000007ebffb078,0x00000007ec000000)
  to   space 77824K, 0% used [0x00000007f0080000,0x00000007f0080000,0x00000007f4c80000)
 ParOldGen       total 234496K, used 174583K [0x0000000780000000, 0x000000078e500000, 0x00000007d5500000)
  object space 234496K, 74% used [0x0000000780000000,0x000000078aa7dcb8,0x000000078e500000)
 PSPermGen       total 83968K, used 47858K [0x000000077ae00000, 0x0000000780000000, 0x0000000780000000)
  object space 83968K, 56% used [0x000000077ae00000,0x000000077dcbc9b0,0x0000000780000000)
}
Event: 62,859 GC heap before
{Heap before GC invocations=26 (full 4):
 PSYoungGen      total 371712K, used 371692K [0x00000007d5500000, 0x00000007f4c80000, 0x0000000800000000)
  eden space 312832K, 100% used [0x00000007d5500000,0x00000007e8680000,0x00000007e8680000)
  from space 58880K, 99% used [0x00000007e8680000,0x00000007ebffb078,0x00000007ec000000)
  to   space 77824K, 0% used [0x00000007f0080000,0x00000007f0080000,0x00000007f4c80000)
 ParOldGen       total 234496K, used 174583K [0x0000000780000000, 0x000000078e500000, 0x00000007d5500000)
  object space 234496K, 74% used [0x0000000780000000,0x000000078aa7dcb8,0x000000078e500000)
 PSPermGen       total 83968K, used 47901K [0x000000077ae00000, 0x0000000780000000, 0x0000000780000000)
  object space 83968K, 57% used [0x000000077ae00000,0x000000077dcc7588,0x0000000780000000)
Event: 63,082 GC heap after
Heap after GC invocations=26 (full 4):
 PSYoungGen      total 437760K, used 42384K [0x00000007d5500000, 0x00000007f5c80000, 0x0000000800000000)
  eden space 359936K, 0% used [0x00000007d5500000,0x00000007d5500000,0x00000007eb480000)
  from space 77824K, 54% used [0x00000007f0080000,0x00000007f29e42c8,0x00000007f4c80000)
  to   space 77824K, 0% used [0x00000007eb480000,0x00000007eb480000,0x00000007f0080000)
 ParOldGen       total 234496K, used 232540K [0x0000000780000000, 0x000000078e500000, 0x00000007d5500000)
  object space 234496K, 99% used [0x0000000780000000,0x000000078e317378,0x000000078e500000)
 PSPermGen       total 83968K, used 47901K [0x000000077ae00000, 0x0000000780000000, 0x0000000780000000)
  object space 83968K, 57% used [0x000000077ae00000,0x000000077dcc7588,0x0000000780000000)
}
Event: 63,082 GC heap before
{Heap before GC invocations=27 (full 5):
 PSYoungGen      total 437760K, used 42384K [0x00000007d5500000, 0x00000007f5c80000, 0x0000000800000000)
  eden space 359936K, 0% used [0x00000007d5500000,0x00000007d5500000,0x00000007eb480000)
  from space 77824K, 54% used [0x00000007f0080000,0x00000007f29e42c8,0x00000007f4c80000)
  to   space 77824K, 0% used [0x00000007eb480000,0x00000007eb480000,0x00000007f0080000)
 ParOldGen       total 234496K, used 232540K [0x0000000780000000, 0x000000078e500000, 0x00000007d5500000)
  object space 234496K, 99% used [0x0000000780000000,0x000000078e317378,0x000000078e500000)
 PSPermGen       total 83968K, used 47901K [0x000000077ae00000, 0x0000000780000000, 0x0000000780000000)
  object space 83968K, 57% used [0x000000077ae00000,0x000000077dcc7588,0x0000000780000000)
Event: 63,944 GC heap after
Heap after GC invocations=27 (full 5):
 PSYoungGen      total 437760K, used 0K [0x00000007d5500000, 0x00000007f5c80000, 0x0000000800000000)
  eden space 359936K, 0% used [0x00000007d5500000,0x00000007d5500000,0x00000007eb480000)
  from space 77824K, 0% used [0x00000007f0080000,0x00000007f0080000,0x00000007f4c80000)
  to   space 77824K, 0% used [0x00000007eb480000,0x00000007eb480000,0x00000007f0080000)
 ParOldGen       total 279552K, used 152525K [0x0000000780000000, 0x0000000791100000, 0x00000007d5500000)
  object space 279552K, 54% used [0x0000000780000000,0x00000007894f3578,0x0000000791100000)
 PSPermGen       total 83968K, used 47899K [0x000000077ae00000, 0x0000000780000000, 0x0000000780000000)
  object space 83968K, 57% used [0x000000077ae00000,0x000000077dcc6f28,0x0000000780000000)
}
Event: 65,537 GC heap before
{Heap before GC invocations=28 (full 5):
 PSYoungGen      total 437760K, used 359936K [0x00000007d5500000, 0x00000007f5c80000, 0x0000000800000000)
  eden space 359936K, 100% used [0x00000007d5500000,0x00000007eb480000,0x00000007eb480000)
  from space 77824K, 0% used [0x00000007f0080000,0x00000007f0080000,0x00000007f4c80000)
  to   space 77824K, 0% used [0x00000007eb480000,0x00000007eb480000,0x00000007f0080000)
 ParOldGen       total 279552K, used 152525K [0x0000000780000000, 0x0000000791100000, 0x00000007d5500000)
  object space 279552K, 54% used [0x0000000780000000,0x00000007894f3578,0x0000000791100000)
 PSPermGen       total 83968K, used 47927K [0x000000077ae00000, 0x0000000780000000, 0x0000000780000000)
  object space 83968K, 57% used [0x000000077ae00000,0x000000077dccdd48,0x0000000780000000)
Event: 65,614 GC heap after
Heap after GC invocations=28 (full 5):
 PSYoungGen      total 437760K, used 48484K [0x00000007d5500000, 0x00000007f8e00000, 0x0000000800000000)
  eden space 359936K, 0% used [0x00000007d5500000,0x00000007d5500000,0x00000007eb480000)
  from space 77824K, 62% used [0x00000007eb480000,0x00000007ee3d91f0,0x00000007f0080000)
  to   space 80384K, 0% used [0x00000007f3f80000,0x00000007f3f80000,0x00000007f8e00000)
 ParOldGen       total 279552K, used 152525K [0x0000000780000000, 0x0000000791100000, 0x00000007d5500000)
  object space 279552K, 54% used [0x0000000780000000,0x00000007894f3578,0x0000000791100000)
 PSPermGen       total 83968K, used 47927K [0x000000077ae00000, 0x0000000780000000, 0x0000000780000000)
  object space 83968K, 57% used [0x000000077ae00000,0x000000077dccdd48,0x0000000780000000)
}
Event: 67,199 GC heap before
{Heap before GC invocations=29 (full 5):
 PSYoungGen      total 437760K, used 408420K [0x00000007d5500000, 0x00000007f8e00000, 0x0000000800000000)
  eden space 359936K, 100% used [0x00000007d5500000,0x00000007eb480000,0x00000007eb480000)
  from space 77824K, 62% used [0x00000007eb480000,0x00000007ee3d91f0,0x00000007f0080000)
  to   space 80384K, 0% used [0x00000007f3f80000,0x00000007f3f80000,0x00000007f8e00000)
 ParOldGen       total 279552K, used 152525K [0x0000000780000000, 0x0000000791100000, 0x00000007d5500000)
  object space 279552K, 54% used [0x0000000780000000,0x00000007894f3578,0x0000000791100000)
 PSPermGen       total 83968K, used 47953K [0x000000077ae00000, 0x0000000780000000, 0x0000000780000000)
  object space 83968K, 57% used [0x000000077ae00000,0x000000077dcd4498,0x0000000780000000)
Event: 67,552 GC heap after
Heap after GC invocations=29 (full 5):
 PSYoungGen      total 455168K, used 80362K [0x00000007d5500000, 0x00000007ff980000, 0x0000000800000000)
  eden space 374784K, 0% used [0x00000007d5500000,0x00000007d5500000,0x00000007ec300000)
  from space 80384K, 99% used [0x00000007f3f80000,0x00000007f8dfa988,0x00000007f8e00000)
  to   space 127488K, 0% used [0x00000007ec300000,0x00000007ec300000,0x00000007f3f80000)
 ParOldGen       total 279552K, used 244055K [0x0000000780000000, 0x0000000791100000, 0x00000007d5500000)
  object space 279552K, 87% used [0x0000000780000000,0x000000078ee55f58,0x0000000791100000)
 PSPermGen       total 83968K, used 47953K [0x000000077ae00000, 0x0000000780000000, 0x0000000780000000)
  object space 83968K, 57% used [0x000000077ae00000,0x000000077dcd4498,0x0000000780000000)
}
Event: 67,552 GC heap before
{Heap before GC invocations=30 (full 6):
 PSYoungGen      total 455168K, used 80362K [0x00000007d5500000, 0x00000007ff980000, 0x0000000800000000)
  eden space 374784K, 0% used [0x00000007d5500000,0x00000007d5500000,0x00000007ec300000)
  from space 80384K, 99% used [0x00000007f3f80000,0x00000007f8dfa988,0x00000007f8e00000)
  to   space 127488K, 0% used [0x00000007ec300000,0x00000007ec300000,0x00000007f3f80000)
 ParOldGen       total 279552K, used 244055K [0x0000000780000000, 0x0000000791100000, 0x00000007d5500000)
  object space 279552K, 87% used [0x0000000780000000,0x000000078ee55f58,0x0000000791100000)
 PSPermGen       total 83968K, used 47953K [0x000000077ae00000, 0x0000000780000000, 0x0000000780000000)
  object space 83968K, 57% used [0x000000077ae00000,0x000000077dcd4498,0x0000000780000000)

