# JRE version: Java(TM) SE Runtime Environment (7.0_80-b15) (build 1.7.0_80-b15)
# Java VM: Java HotSpot(TM) 64-Bit Server VM (24.80-b11 mixed mode linux-amd64 compressed oops)
Heap
 PSYoungGen      total 358400K, used 113407K [0x00000007d5500000, 0x0000000800000000, 0x0000000800000000)
  eden space 234496K, 0% used [0x00000007d5500000,0x00000007d5500000,0x00000007e3a00000)
  from space 123904K, 91% used [0x00000007f8700000,0x00000007ff5bfee8,0x0000000800000000)
  to   space 232448K, 0% used [0x00000007e3a00000,0x00000007e3a00000,0x00000007f1d00000)
 ParOldGen       total 620544K, used 620489K [0x0000000780000000, 0x00000007a5e00000, 0x00000007d5500000)
  object space 620544K, 99% used [0x0000000780000000,0x00000007a5df25d0,0x00000007a5e00000)
 PSPermGen       total 83968K, used 48299K [0x000000077ae00000, 0x0000000780000000, 0x0000000780000000)
  object space 83968K, 57% used [0x000000077ae00000,0x000000077dd2ae30,0x0000000780000000)
GC Heap History (10 events):
Event: 36,402 GC heap after
Heap after GC invocations=25 (full 4):
 PSYoungGen      total 529408K, used 92150K [0x00000007d5500000, 0x0000000800000000, 0x0000000800000000)
  eden space 437248K, 0% used [0x00000007d5500000,0x00000007d5500000,0x00000007f0000000)
  from space 92160K, 99% used [0x00000007f0000000,0x00000007f59fd830,0x00000007f5a00000)
  to   space 119808K, 0% used [0x00000007f8b00000,0x00000007f8b00000,0x0000000800000000)
 ParOldGen       total 397312K, used 336859K [0x0000000780000000, 0x0000000798400000, 0x00000007d5500000)
  object space 397312K, 84% used [0x0000000780000000,0x00000007948f6ea0,0x0000000798400000)
 PSPermGen       total 83968K, used 48272K [0x000000077ae00000, 0x0000000780000000, 0x0000000780000000)
  object space 83968K, 57% used [0x000000077ae00000,0x000000077dd24020,0x0000000780000000)
}
Event: 36,402 GC heap before
{Heap before GC invocations=26 (full 5):
 PSYoungGen      total 529408K, used 92150K [0x00000007d5500000, 0x0000000800000000, 0x0000000800000000)
  eden space 437248K, 0% used [0x00000007d5500000,0x00000007d5500000,0x00000007f0000000)
  from space 92160K, 99% used [0x00000007f0000000,0x00000007f59fd830,0x00000007f5a00000)
  to   space 119808K, 0% used [0x00000007f8b00000,0x00000007f8b00000,0x0000000800000000)
 ParOldGen       total 397312K, used 336859K [0x0000000780000000, 0x0000000798400000, 0x00000007d5500000)
  object space 397312K, 84% used [0x0000000780000000,0x00000007948f6ea0,0x0000000798400000)
 PSPermGen       total 83968K, used 48272K [0x000000077ae00000, 0x0000000780000000, 0x0000000780000000)
  object space 83968K, 57% used [0x000000077ae00000,0x000000077dd24020,0x0000000780000000)
Event: 39,693 GC heap after
Heap after GC invocations=26 (full 5):
 PSYoungGen      total 529408K, used 28570K [0x00000007d5500000, 0x0000000800000000, 0x0000000800000000)
  eden space 437248K, 0% used [0x00000007d5500000,0x00000007d5500000,0x00000007f0000000)
  from space 92160K, 31% used [0x00000007f0000000,0x00000007f1be6870,0x00000007f5a00000)
  to   space 119808K, 0% used [0x00000007f8b00000,0x00000007f8b00000,0x0000000800000000)
 ParOldGen       total 571904K, used 396915K [0x0000000780000000, 0x00000007a2e80000, 0x00000007d5500000)
  object space 571904K, 69% used [0x0000000780000000,0x000000079839cc58,0x00000007a2e80000)
 PSPermGen       total 83968K, used 48271K [0x000000077ae00000, 0x0000000780000000, 0x0000000780000000)
  object space 83968K, 57% used [0x000000077ae00000,0x000000077dd23ea0,0x0000000780000000)
}
Event: 40,255 GC heap before
{Heap before GC invocations=27 (full 5):
 PSYoungGen      total 529408K, used 465818K [0x00000007d5500000, 0x0000000800000000, 0x0000000800000000)
  eden space 437248K, 100% used [0x00000007d5500000,0x00000007f0000000,0x00000007f0000000)
  from space 92160K, 31% used [0x00000007f0000000,0x00000007f1be6870,0x00000007f5a00000)
  to   space 119808K, 0% used [0x00000007f8b00000,0x00000007f8b00000,0x0000000800000000)
 ParOldGen       total 571904K, used 396915K [0x0000000780000000, 0x00000007a2e80000, 0x00000007d5500000)
  object space 571904K, 69% used [0x0000000780000000,0x000000079839cc58,0x00000007a2e80000)
 PSPermGen       total 83968K, used 48290K [0x000000077ae00000, 0x0000000780000000, 0x0000000780000000)
  object space 83968K, 57% used [0x000000077ae00000,0x000000077dd28ac0,0x0000000780000000)
Event: 40,540 GC heap after
Heap after GC invocations=27 (full 5):
 PSYoungGen      total 571392K, used 75591K [0x00000007d5500000, 0x0000000800000000, 0x0000000800000000)
  eden space 451584K, 0% used [0x00000007d5500000,0x00000007d5500000,0x00000007f0e00000)
  from space 119808K, 63% used [0x00000007f8b00000,0x00000007fd4d1d20,0x0000000800000000)
  to   space 123904K, 0% used [0x00000007f0e00000,0x00000007f0e00000,0x00000007f8700000)
 ParOldGen       total 571904K, used 425753K [0x0000000780000000, 0x00000007a2e80000, 0x00000007d5500000)
  object space 571904K, 74% used [0x0000000780000000,0x0000000799fc6560,0x00000007a2e80000)
 PSPermGen       total 83968K, used 48290K [0x000000077ae00000, 0x0000000780000000, 0x0000000780000000)
  object space 83968K, 57% used [0x000000077ae00000,0x000000077dd28ac0,0x0000000780000000)
}
Event: 41,094 GC heap before
{Heap before GC invocations=28 (full 5):
 PSYoungGen      total 571392K, used 527175K [0x00000007d5500000, 0x0000000800000000, 0x0000000800000000)
  eden space 451584K, 100% used [0x00000007d5500000,0x00000007f0e00000,0x00000007f0e00000)
  from space 119808K, 63% used [0x00000007f8b00000,0x00000007fd4d1d20,0x0000000800000000)
  to   space 123904K, 0% used [0x00000007f0e00000,0x00000007f0e00000,0x00000007f8700000)
 ParOldGen       total 571904K, used 425753K [0x0000000780000000, 0x00000007a2e80000, 0x00000007d5500000)
  object space 571904K, 74% used [0x0000000780000000,0x0000000799fc6560,0x00000007a2e80000)
 PSPermGen       total 83968K, used 48299K [0x000000077ae00000, 0x0000000780000000, 0x0000000780000000)
  object space 83968K, 57% used [0x000000077ae00000,0x000000077dd2add8,0x0000000780000000)
Event: 41,277 GC heap after
Heap after GC invocations=28 (full 5):
 PSYoungGen      total 575488K, used 123886K [0x00000007d5500000, 0x0000000800000000, 0x0000000800000000)
  eden space 451584K, 0% used [0x00000007d5500000,0x00000007d5500000,0x00000007f0e00000)
  from space 123904K, 99% used [0x00000007f0e00000,0x00000007f86fba40,0x00000007f8700000)
  to   space 123904K, 0% used [0x00000007f8700000,0x00000007f8700000,0x0000000800000000)
 ParOldGen       total 571904K, used 437903K [0x0000000780000000, 0x00000007a2e80000, 0x00000007d5500000)
  object space 571904K, 76% used [0x0000000780000000,0x000000079aba3de0,0x00000007a2e80000)
 PSPermGen       total 83968K, used 48299K [0x000000077ae00000, 0x0000000780000000, 0x0000000780000000)
  object space 83968K, 57% used [0x000000077ae00000,0x000000077dd2add8,0x0000000780000000)
}
Event: 41,924 GC heap before
{Heap before GC invocations=29 (full 5):
 PSYoungGen      total 575488K, used 575470K [0x00000007d5500000, 0x0000000800000000, 0x0000000800000000)
  eden space 451584K, 100% used [0x00000007d5500000,0x00000007f0e00000,0x00000007f0e00000)
  from space 123904K, 99% used [0x00000007f0e00000,0x00000007f86fba40,0x00000007f8700000)
  to   space 123904K, 0% used [0x00000007f8700000,0x00000007f8700000,0x0000000800000000)
 ParOldGen       total 571904K, used 437903K [0x0000000780000000, 0x00000007a2e80000, 0x00000007d5500000)
  object space 571904K, 76% used [0x0000000780000000,0x000000079aba3de0,0x00000007a2e80000)
 PSPermGen       total 83968K, used 48299K [0x000000077ae00000, 0x0000000780000000, 0x0000000780000000)
  object space 83968K, 57% used [0x000000077ae00000,0x000000077dd2ae90,0x0000000780000000)
Event: 42,351 GC heap after
Heap after GC invocations=29 (full 5):
 PSYoungGen      total 358400K, used 123886K [0x00000007d5500000, 0x0000000800000000, 0x0000000800000000)
  eden space 234496K, 0% used [0x00000007d5500000,0x00000007d5500000,0x00000007e3a00000)
  from space 123904K, 99% used [0x00000007f8700000,0x00000007ffffba48,0x0000000800000000)
  to   space 232448K, 0% used [0x00000007e3a00000,0x00000007e3a00000,0x00000007f1d00000)
 ParOldGen       total 620544K, used 620075K [0x0000000780000000, 0x00000007a5e00000, 0x00000007d5500000)
  object space 620544K, 99% used [0x0000000780000000,0x00000007a5d8ac60,0x00000007a5e00000)
 PSPermGen       total 83968K, used 48299K [0x000000077ae00000, 0x0000000780000000, 0x0000000780000000)
  object space 83968K, 57% used [0x000000077ae00000,0x000000077dd2ae90,0x0000000780000000)
}
Event: 42,351 GC heap before
{Heap before GC invocations=30 (full 6):
 PSYoungGen      total 358400K, used 123886K [0x00000007d5500000, 0x0000000800000000, 0x0000000800000000)
  eden space 234496K, 0% used [0x00000007d5500000,0x00000007d5500000,0x00000007e3a00000)
  from space 123904K, 99% used [0x00000007f8700000,0x00000007ffffba48,0x0000000800000000)
  to   space 232448K, 0% used [0x00000007e3a00000,0x00000007e3a00000,0x00000007f1d00000)
 ParOldGen       total 620544K, used 620075K [0x0000000780000000, 0x00000007a5e00000, 0x00000007d5500000)
  object space 620544K, 99% used [0x0000000780000000,0x00000007a5d8ac60,0x00000007a5e00000)
 PSPermGen       total 83968K, used 48299K [0x000000077ae00000, 0x0000000780000000, 0x0000000780000000)
  object space 83968K, 57% used [0x000000077ae00000,0x000000077dd2ae90,0x0000000780000000)

