# JRE version: Java(TM) SE Runtime Environment (7.0_80-b15) (build 1.7.0_80-b15)
# Java VM: Java HotSpot(TM) 64-Bit Server VM (24.80-b11 mixed mode linux-amd64 compressed oops)
Heap
 PSYoungGen      total 466432K, used 0K [0x00000007d5500000, 0x0000000800000000, 0x0000000800000000)
  eden space 233472K, 0% used [0x00000007d5500000,0x00000007d5500000,0x00000007e3900000)
  from space 232960K, 0% used [0x00000007f1c80000,0x00000007f1c80000,0x0000000800000000)
  to   space 232960K, 0% used [0x00000007e3900000,0x00000007e3900000,0x00000007f1c80000)
 ParOldGen       total 498176K, used 414700K [0x0000000780000000, 0x000000079e680000, 0x00000007d5500000)
  object space 498176K, 83% used [0x0000000780000000,0x00000007994fb100,0x000000079e680000)
 PSPermGen       total 79872K, used 64659K [0x000000077ae00000, 0x000000077fc00000, 0x0000000780000000)
  object space 79872K, 80% used [0x000000077ae00000,0x000000077ed24fb0,0x000000077fc00000)
GC Heap History (10 events):
Event: 10215,060 GC heap after
Heap after GC invocations=72 (full 14):
 PSYoungGen      total 466432K, used 87233K [0x00000007d5500000, 0x0000000800000000, 0x0000000800000000)
  eden space 233472K, 0% used [0x00000007d5500000,0x00000007d5500000,0x00000007e3900000)
  from space 232960K, 37% used [0x00000007f1c80000,0x00000007f71b0720,0x0000000800000000)
  to   space 232960K, 0% used [0x00000007e3900000,0x00000007e3900000,0x00000007f1c80000)
 ParOldGen       total 498176K, used 350337K [0x0000000780000000, 0x000000079e680000, 0x00000007d5500000)
  object space 498176K, 70% used [0x0000000780000000,0x00000007956206e8,0x000000079e680000)
 PSPermGen       total 79872K, used 64656K [0x000000077ae00000, 0x000000077fc00000, 0x0000000780000000)
  object space 79872K, 80% used [0x000000077ae00000,0x000000077ed24360,0x000000077fc00000)
}
Event: 10216,172 GC heap before
{Heap before GC invocations=73 (full 14):
 PSYoungGen      total 466432K, used 320705K [0x00000007d5500000, 0x0000000800000000, 0x0000000800000000)
  eden space 233472K, 100% used [0x00000007d5500000,0x00000007e3900000,0x00000007e3900000)
  from space 232960K, 37% used [0x00000007f1c80000,0x00000007f71b0720,0x0000000800000000)
  to   space 232960K, 0% used [0x00000007e3900000,0x00000007e3900000,0x00000007f1c80000)
 ParOldGen       total 498176K, used 350337K [0x0000000780000000, 0x000000079e680000, 0x00000007d5500000)
  object space 498176K, 70% used [0x0000000780000000,0x00000007956206e8,0x000000079e680000)
 PSPermGen       total 79872K, used 64657K [0x000000077ae00000, 0x000000077fc00000, 0x0000000780000000)
  object space 79872K, 80% used [0x000000077ae00000,0x000000077ed24580,0x000000077fc00000)
Event: 10216,287 GC heap after
Heap after GC invocations=73 (full 14):
 PSYoungGen      total 466432K, used 94041K [0x00000007d5500000, 0x0000000800000000, 0x0000000800000000)
  eden space 233472K, 0% used [0x00000007d5500000,0x00000007d5500000,0x00000007e3900000)
  from space 232960K, 40% used [0x00000007e3900000,0x00000007e94d6600,0x00000007f1c80000)
  to   space 232960K, 0% used [0x00000007f1c80000,0x00000007f1c80000,0x0000000800000000)
 ParOldGen       total 498176K, used 350337K [0x0000000780000000, 0x000000079e680000, 0x00000007d5500000)
  object space 498176K, 70% used [0x0000000780000000,0x00000007956206e8,0x000000079e680000)
 PSPermGen       total 79872K, used 64657K [0x000000077ae00000, 0x000000077fc00000, 0x0000000780000000)
  object space 79872K, 80% used [0x000000077ae00000,0x000000077ed24580,0x000000077fc00000)
}
Event: 10217,623 GC heap before
{Heap before GC invocations=74 (full 14):
 PSYoungGen      total 466432K, used 327513K [0x00000007d5500000, 0x0000000800000000, 0x0000000800000000)
  eden space 233472K, 100% used [0x00000007d5500000,0x00000007e3900000,0x00000007e3900000)
  from space 232960K, 40% used [0x00000007e3900000,0x00000007e94d6600,0x00000007f1c80000)
  to   space 232960K, 0% used [0x00000007f1c80000,0x00000007f1c80000,0x0000000800000000)
 ParOldGen       total 498176K, used 350337K [0x0000000780000000, 0x000000079e680000, 0x00000007d5500000)
  object space 498176K, 70% used [0x0000000780000000,0x00000007956206e8,0x000000079e680000)
 PSPermGen       total 79872K, used 64660K [0x000000077ae00000, 0x000000077fc00000, 0x0000000780000000)
  object space 79872K, 80% used [0x000000077ae00000,0x000000077ed25088,0x000000077fc00000)
Event: 10217,767 GC heap after
Heap after GC invocations=74 (full 14):
 PSYoungGen      total 466432K, used 127824K [0x00000007d5500000, 0x0000000800000000, 0x0000000800000000)
  eden space 233472K, 0% used [0x00000007d5500000,0x00000007d5500000,0x00000007e3900000)
  from space 232960K, 54% used [0x00000007f1c80000,0x00000007f9954078,0x0000000800000000)
  to   space 232960K, 0% used [0x00000007e3900000,0x00000007e3900000,0x00000007f1c80000)
 ParOldGen       total 498176K, used 350337K [0x0000000780000000, 0x000000079e680000, 0x00000007d5500000)
  object space 498176K, 70% used [0x0000000780000000,0x00000007956206e8,0x000000079e680000)
 PSPermGen       total 79872K, used 64660K [0x000000077ae00000, 0x000000077fc00000, 0x0000000780000000)
  object space 79872K, 80% used [0x000000077ae00000,0x000000077ed25088,0x000000077fc00000)
}
Event: 10218,678 GC heap before
{Heap before GC invocations=75 (full 14):
 PSYoungGen      total 466432K, used 361296K [0x00000007d5500000, 0x0000000800000000, 0x0000000800000000)
  eden space 233472K, 100% used [0x00000007d5500000,0x00000007e3900000,0x00000007e3900000)
  from space 232960K, 54% used [0x00000007f1c80000,0x00000007f9954078,0x0000000800000000)
  to   space 232960K, 0% used [0x00000007e3900000,0x00000007e3900000,0x00000007f1c80000)
 ParOldGen       total 498176K, used 354247K [0x0000000780000000, 0x000000079e680000, 0x00000007d5500000)
  object space 498176K, 71% used [0x0000000780000000,0x00000007959f1c28,0x000000079e680000)
 PSPermGen       total 79872K, used 64660K [0x000000077ae00000, 0x000000077fc00000, 0x0000000780000000)
  object space 79872K, 80% used [0x000000077ae00000,0x000000077ed25130,0x000000077fc00000)
Event: 10218,957 GC heap after
Heap after GC invocations=75 (full 14):
 PSYoungGen      total 466432K, used 156664K [0x00000007d5500000, 0x0000000800000000, 0x0000000800000000)
  eden space 233472K, 0% used [0x00000007d5500000,0x00000007d5500000,0x00000007e3900000)
  from space 232960K, 67% used [0x00000007e3900000,0x00000007ed1fe2f0,0x00000007f1c80000)
  to   space 232960K, 0% used [0x00000007f1c80000,0x00000007f1c80000,0x0000000800000000)
 ParOldGen       total 498176K, used 386711K [0x0000000780000000, 0x000000079e680000, 0x00000007d5500000)
  object space 498176K, 77% used [0x0000000780000000,0x00000007979a5f88,0x000000079e680000)
 PSPermGen       total 79872K, used 64660K [0x000000077ae00000, 0x000000077fc00000, 0x0000000780000000)
  object space 79872K, 80% used [0x000000077ae00000,0x000000077ed25130,0x000000077fc00000)
}
Event: 10219,512 GC heap before
{Heap before GC invocations=76 (full 14):
 PSYoungGen      total 466432K, used 390136K [0x00000007d5500000, 0x0000000800000000, 0x0000000800000000)
  eden space 233472K, 100% used [0x00000007d5500000,0x00000007e3900000,0x00000007e3900000)
  from space 232960K, 67% used [0x00000007e3900000,0x00000007ed1fe2f0,0x00000007f1c80000)
  to   space 232960K, 0% used [0x00000007f1c80000,0x00000007f1c80000,0x0000000800000000)
 ParOldGen       total 498176K, used 386713K [0x0000000780000000, 0x000000079e680000, 0x00000007d5500000)
  object space 498176K, 77% used [0x0000000780000000,0x00000007979a6728,0x000000079e680000)
 PSPermGen       total 79872K, used 64660K [0x000000077ae00000, 0x000000077fc00000, 0x0000000780000000)
  object space 79872K, 80% used [0x000000077ae00000,0x000000077ed25150,0x000000077fc00000)
Event: 10220,153 GC heap after
Heap after GC invocations=76 (full 14):
 PSYoungGen      total 466432K, used 150368K [0x00000007d5500000, 0x0000000800000000, 0x0000000800000000)
  eden space 233472K, 0% used [0x00000007d5500000,0x00000007d5500000,0x00000007e3900000)
  from space 232960K, 64% used [0x00000007f1c80000,0x00000007faf58390,0x0000000800000000)
  to   space 232960K, 0% used [0x00000007e3900000,0x00000007e3900000,0x00000007f1c80000)
 ParOldGen       total 498176K, used 468177K [0x0000000780000000, 0x000000079e680000, 0x00000007d5500000)
  object space 498176K, 93% used [0x0000000780000000,0x000000079c934470,0x000000079e680000)
 PSPermGen       total 79872K, used 64660K [0x000000077ae00000, 0x000000077fc00000, 0x0000000780000000)
  object space 79872K, 80% used [0x000000077ae00000,0x000000077ed25150,0x000000077fc00000)
}
Event: 10220,172 GC heap before
{Heap before GC invocations=77 (full 15):
 PSYoungGen      total 466432K, used 150368K [0x00000007d5500000, 0x0000000800000000, 0x0000000800000000)
  eden space 233472K, 0% used [0x00000007d5500000,0x00000007d5500000,0x00000007e3900000)
  from space 232960K, 64% used [0x00000007f1c80000,0x00000007faf58390,0x0000000800000000)
  to   space 232960K, 0% used [0x00000007e3900000,0x00000007e3900000,0x00000007f1c80000)
 ParOldGen       total 498176K, used 468177K [0x0000000780000000, 0x000000079e680000, 0x00000007d5500000)
  object space 498176K, 93% used [0x0000000780000000,0x000000079c934470,0x000000079e680000)
 PSPermGen       total 79872K, used 64660K [0x000000077ae00000, 0x000000077fc00000, 0x0000000780000000)
  object space 79872K, 80% used [0x000000077ae00000,0x000000077ed25150,0x000000077fc00000)

