# JRE version: Java(TM) SE Runtime Environment (7.0_80-b15) (build 1.7.0_80-b15)
# Java VM: Java HotSpot(TM) 64-Bit Server VM (24.80-b11 mixed mode linux-amd64 compressed oops)
Heap
 PSYoungGen      total 561664K, used 30977K [0x00000007d5500000, 0x0000000800000000, 0x0000000800000000)
  eden space 447488K, 0% used [0x00000007d5500000,0x00000007d5500000,0x00000007f0a00000)
  from space 114176K, 27% used [0x00000007f9080000,0x00000007faec0640,0x0000000800000000)
  to   space 125952K, 0% used [0x00000007f0a00000,0x00000007f0a00000,0x00000007f8500000)
 ParOldGen       total 187392K, used 187179K [0x0000000780000000, 0x000000078b700000, 0x00000007d5500000)
  object space 187392K, 99% used [0x0000000780000000,0x000000078b6cacb8,0x000000078b700000)
 PSPermGen       total 83968K, used 61744K [0x000000077ae00000, 0x0000000780000000, 0x0000000780000000)
  object space 83968K, 73% used [0x000000077ae00000,0x000000077ea4c358,0x0000000780000000)
GC Heap History (10 events):
Event: 1779,111 GC heap after
Heap after GC invocations=27 (full 6):
 PSYoungGen      total 473088K, used 2048K [0x00000007d5500000, 0x00000007ff880000, 0x0000000800000000)
  eden space 470528K, 0% used [0x00000007d5500000,0x00000007d5500000,0x00000007f2080000)
  from space 2560K, 80% used [0x00000007f2080000,0x00000007f2280040,0x00000007f2300000)
  to   space 110592K, 0% used [0x00000007f8c80000,0x00000007f8c80000,0x00000007ff880000)
 ParOldGen       total 187392K, used 56101K [0x0000000780000000, 0x000000078b700000, 0x00000007d5500000)
  object space 187392K, 29% used [0x0000000780000000,0x00000007836c9540,0x000000078b700000)
 PSPermGen       total 83968K, used 61178K [0x000000077ae00000, 0x0000000780000000, 0x0000000780000000)
  object space 83968K, 72% used [0x000000077ae00000,0x000000077e9beb28,0x0000000780000000)
}
Event: 1779,112 GC heap before
{Heap before GC invocations=28 (full 7):
 PSYoungGen      total 473088K, used 2048K [0x00000007d5500000, 0x00000007ff880000, 0x0000000800000000)
  eden space 470528K, 0% used [0x00000007d5500000,0x00000007d5500000,0x00000007f2080000)
  from space 2560K, 80% used [0x00000007f2080000,0x00000007f2280040,0x00000007f2300000)
  to   space 110592K, 0% used [0x00000007f8c80000,0x00000007f8c80000,0x00000007ff880000)
 ParOldGen       total 187392K, used 56101K [0x0000000780000000, 0x000000078b700000, 0x00000007d5500000)
  object space 187392K, 29% used [0x0000000780000000,0x00000007836c9540,0x000000078b700000)
 PSPermGen       total 83968K, used 61178K [0x000000077ae00000, 0x0000000780000000, 0x0000000780000000)
  object space 83968K, 72% used [0x000000077ae00000,0x000000077e9beb28,0x0000000780000000)
Event: 1779,724 GC heap after
Heap after GC invocations=28 (full 7):
 PSYoungGen      total 473088K, used 0K [0x00000007d5500000, 0x00000007ff880000, 0x0000000800000000)
  eden space 470528K, 0% used [0x00000007d5500000,0x00000007d5500000,0x00000007f2080000)
  from space 2560K, 0% used [0x00000007f2080000,0x00000007f2080000,0x00000007f2300000)
  to   space 110592K, 0% used [0x00000007f8c80000,0x00000007f8c80000,0x00000007ff880000)
 ParOldGen       total 187392K, used 57648K [0x0000000780000000, 0x000000078b700000, 0x00000007d5500000)
  object space 187392K, 30% used [0x0000000780000000,0x000000078384c3f0,0x000000078b700000)
 PSPermGen       total 83968K, used 61178K [0x000000077ae00000, 0x0000000780000000, 0x0000000780000000)
  object space 83968K, 72% used [0x000000077ae00000,0x000000077e9be8c8,0x0000000780000000)
}
Event: 1885,768 GC heap before
{Heap before GC invocations=29 (full 7):
 PSYoungGen      total 473088K, used 470528K [0x00000007d5500000, 0x00000007ff880000, 0x0000000800000000)
  eden space 470528K, 100% used [0x00000007d5500000,0x00000007f2080000,0x00000007f2080000)
  from space 2560K, 0% used [0x00000007f2080000,0x00000007f2080000,0x00000007f2300000)
  to   space 110592K, 0% used [0x00000007f8c80000,0x00000007f8c80000,0x00000007ff880000)
 ParOldGen       total 187392K, used 57648K [0x0000000780000000, 0x000000078b700000, 0x00000007d5500000)
  object space 187392K, 30% used [0x0000000780000000,0x000000078384c3f0,0x000000078b700000)
 PSPermGen       total 83968K, used 61742K [0x000000077ae00000, 0x0000000780000000, 0x0000000780000000)
  object space 83968K, 73% used [0x000000077ae00000,0x000000077ea4b850,0x0000000780000000)
Event: 1885,900 GC heap after
Heap after GC invocations=29 (full 7):
 PSYoungGen      total 584192K, used 9085K [0x00000007d5500000, 0x0000000800000000, 0x0000000800000000)
  eden space 473600K, 0% used [0x00000007d5500000,0x00000007d5500000,0x00000007f2380000)
  from space 110592K, 8% used [0x00000007f8c80000,0x00000007f955f560,0x00000007ff880000)
  to   space 107520K, 0% used [0x00000007f2380000,0x00000007f2380000,0x00000007f8c80000)
 ParOldGen       total 187392K, used 57648K [0x0000000780000000, 0x000000078b700000, 0x00000007d5500000)
  object space 187392K, 30% used [0x0000000780000000,0x000000078384c3f0,0x000000078b700000)
 PSPermGen       total 83968K, used 61742K [0x000000077ae00000, 0x0000000780000000, 0x0000000780000000)
  object space 83968K, 73% used [0x000000077ae00000,0x000000077ea4b850,0x0000000780000000)
}
Event: 1887,251 GC heap before
{Heap before GC invocations=30 (full 7):
 PSYoungGen      total 584192K, used 482685K [0x00000007d5500000, 0x0000000800000000, 0x0000000800000000)
  eden space 473600K, 100% used [0x00000007d5500000,0x00000007f2380000,0x00000007f2380000)
  from space 110592K, 8% used [0x00000007f8c80000,0x00000007f955f560,0x00000007ff880000)
  to   space 107520K, 0% used [0x00000007f2380000,0x00000007f2380000,0x00000007f8c80000)
 ParOldGen       total 187392K, used 57648K [0x0000000780000000, 0x000000078b700000, 0x00000007d5500000)
  object space 187392K, 30% used [0x0000000780000000,0x000000078384c3f0,0x000000078b700000)
 PSPermGen       total 83968K, used 61745K [0x000000077ae00000, 0x0000000780000000, 0x0000000780000000)
  object space 83968K, 73% used [0x000000077ae00000,0x000000077ea4c548,0x0000000780000000)
Event: 1887,719 GC heap after
Heap after GC invocations=30 (full 7):
 PSYoungGen      total 581120K, used 70267K [0x00000007d5500000, 0x0000000800000000, 0x0000000800000000)
  eden space 473600K, 0% used [0x00000007d5500000,0x00000007d5500000,0x00000007f2380000)
  from space 107520K, 65% used [0x00000007f2380000,0x00000007f681ed10,0x00000007f8c80000)
  to   space 114176K, 0% used [0x00000007f9080000,0x00000007f9080000,0x0000000800000000)
 ParOldGen       total 187392K, used 63589K [0x0000000780000000, 0x000000078b700000, 0x00000007d5500000)
  object space 187392K, 33% used [0x0000000780000000,0x0000000783e194d0,0x000000078b700000)
 PSPermGen       total 83968K, used 61745K [0x000000077ae00000, 0x0000000780000000, 0x0000000780000000)
  object space 83968K, 73% used [0x000000077ae00000,0x000000077ea4c548,0x0000000780000000)
}
Event: 1888,558 GC heap before
{Heap before GC invocations=31 (full 7):
 PSYoungGen      total 581120K, used 543867K [0x00000007d5500000, 0x0000000800000000, 0x0000000800000000)
  eden space 473600K, 100% used [0x00000007d5500000,0x00000007f2380000,0x00000007f2380000)
  from space 107520K, 65% used [0x00000007f2380000,0x00000007f681ed10,0x00000007f8c80000)
  to   space 114176K, 0% used [0x00000007f9080000,0x00000007f9080000,0x0000000800000000)
 ParOldGen       total 187392K, used 63589K [0x0000000780000000, 0x000000078b700000, 0x00000007d5500000)
  object space 187392K, 33% used [0x0000000780000000,0x0000000783e194d0,0x000000078b700000)
 PSPermGen       total 83968K, used 61746K [0x000000077ae00000, 0x0000000780000000, 0x0000000780000000)
  object space 83968K, 73% used [0x000000077ae00000,0x000000077ea4cb78,0x0000000780000000)
Event: 1890,242 GC heap after
Heap after GC invocations=31 (full 7):
 PSYoungGen      total 561664K, used 89592K [0x00000007d5500000, 0x0000000800000000, 0x0000000800000000)
  eden space 447488K, 0% used [0x00000007d5500000,0x00000007d5500000,0x00000007f0a00000)
  from space 114176K, 78% used [0x00000007f9080000,0x00000007fe7fe1f8,0x0000000800000000)
  to   space 125952K, 0% used [0x00000007f0a00000,0x00000007f0a00000,0x00000007f8500000)
 ParOldGen       total 187392K, used 131958K [0x0000000780000000, 0x000000078b700000, 0x00000007d5500000)
  object space 187392K, 70% used [0x0000000780000000,0x00000007880dda00,0x000000078b700000)
 PSPermGen       total 83968K, used 61746K [0x000000077ae00000, 0x0000000780000000, 0x0000000780000000)
  object space 83968K, 73% used [0x000000077ae00000,0x000000077ea4cb78,0x0000000780000000)
}
Event: 1890,246 GC heap before
{Heap before GC invocations=32 (full 8):
 PSYoungGen      total 561664K, used 89592K [0x00000007d5500000, 0x0000000800000000, 0x0000000800000000)
  eden space 447488K, 0% used [0x00000007d5500000,0x00000007d5500000,0x00000007f0a00000)
  from space 114176K, 78% used [0x00000007f9080000,0x00000007fe7fe1f8,0x0000000800000000)
  to   space 125952K, 0% used [0x00000007f0a00000,0x00000007f0a00000,0x00000007f8500000)
 ParOldGen       total 187392K, used 131958K [0x0000000780000000, 0x000000078b700000, 0x00000007d5500000)
  object space 187392K, 70% used [0x0000000780000000,0x00000007880dda00,0x000000078b700000)
 PSPermGen       total 83968K, used 61746K [0x000000077ae00000, 0x0000000780000000, 0x0000000780000000)
  object space 83968K, 73% used [0x000000077ae00000,0x000000077ea4cb78,0x0000000780000000)

