# JRE version: Java(TM) SE Runtime Environment (7.0_80-b15) (build 1.7.0_80-b15)
# Java VM: Java HotSpot(TM) 64-Bit Server VM (24.80-b11 mixed mode linux-amd64 compressed oops)
Heap
 PSYoungGen      total 518656K, used 172125K [0x00000007d5500000, 0x0000000800000000, 0x0000000800000000)
  eden space 337920K, 0% used [0x00000007d5500000,0x00000007d5500000,0x00000007e9f00000)
  from space 180736K, 95% used [0x00000007e9f00000,0x00000007f4717720,0x00000007f4f80000)
  to   space 180736K, 0% used [0x00000007f4f80000,0x00000007f4f80000,0x0000000800000000)
 ParOldGen       total 579584K, used 579405K [0x0000000780000000, 0x00000007a3600000, 0x00000007d5500000)
  object space 579584K, 99% used [0x0000000780000000,0x00000007a35d3448,0x00000007a3600000)
 PSPermGen       total 83968K, used 52435K [0x000000077ae00000, 0x0000000780000000, 0x0000000780000000)
  object space 83968K, 62% used [0x000000077ae00000,0x000000077e134df0,0x0000000780000000)
GC Heap History (10 events):
Event: 81,849 GC heap after
Heap after GC invocations=29 (full 5):
 PSYoungGen      total 545280K, used 107176K [0x00000007d5500000, 0x0000000800000000, 0x0000000800000000)
  eden space 422912K, 0% used [0x00000007d5500000,0x00000007d5500000,0x00000007ef200000)
  from space 122368K, 87% used [0x00000007f8880000,0x00000007ff12a2a8,0x0000000800000000)
  to   space 138240K, 0% used [0x00000007ef200000,0x00000007ef200000,0x00000007f7900000)
 ParOldGen       total 392704K, used 369184K [0x0000000780000000, 0x0000000797f80000, 0x00000007d5500000)
  object space 392704K, 94% used [0x0000000780000000,0x00000007968883a8,0x0000000797f80000)
 PSPermGen       total 83968K, used 52418K [0x000000077ae00000, 0x0000000780000000, 0x0000000780000000)
  object space 83968K, 62% used [0x000000077ae00000,0x000000077e130b18,0x0000000780000000)
}
Event: 81,849 GC heap before
{Heap before GC invocations=30 (full 6):
 PSYoungGen      total 545280K, used 107176K [0x00000007d5500000, 0x0000000800000000, 0x0000000800000000)
  eden space 422912K, 0% used [0x00000007d5500000,0x00000007d5500000,0x00000007ef200000)
  from space 122368K, 87% used [0x00000007f8880000,0x00000007ff12a2a8,0x0000000800000000)
  to   space 138240K, 0% used [0x00000007ef200000,0x00000007ef200000,0x00000007f7900000)
 ParOldGen       total 392704K, used 369184K [0x0000000780000000, 0x0000000797f80000, 0x00000007d5500000)
  object space 392704K, 94% used [0x0000000780000000,0x00000007968883a8,0x0000000797f80000)
 PSPermGen       total 83968K, used 52418K [0x000000077ae00000, 0x0000000780000000, 0x0000000780000000)
  object space 83968K, 62% used [0x000000077ae00000,0x000000077e130b18,0x0000000780000000)
Event: 84,034 GC heap after
Heap after GC invocations=30 (full 6):
 PSYoungGen      total 545280K, used 77567K [0x00000007d5500000, 0x0000000800000000, 0x0000000800000000)
  eden space 422912K, 0% used [0x00000007d5500000,0x00000007d5500000,0x00000007ef200000)
  from space 122368K, 63% used [0x00000007f8880000,0x00000007fd43ff00,0x0000000800000000)
  to   space 138240K, 0% used [0x00000007ef200000,0x00000007ef200000,0x00000007f7900000)
 ParOldGen       total 561664K, used 392224K [0x0000000780000000, 0x00000007a2480000, 0x00000007d5500000)
  object space 561664K, 69% used [0x0000000780000000,0x0000000797f082d0,0x00000007a2480000)
 PSPermGen       total 83968K, used 52418K [0x000000077ae00000, 0x0000000780000000, 0x0000000780000000)
  object space 83968K, 62% used [0x000000077ae00000,0x000000077e1308f8,0x0000000780000000)
}
Event: 84,737 GC heap before
{Heap before GC invocations=31 (full 6):
 PSYoungGen      total 545280K, used 500479K [0x00000007d5500000, 0x0000000800000000, 0x0000000800000000)
  eden space 422912K, 100% used [0x00000007d5500000,0x00000007ef200000,0x00000007ef200000)
  from space 122368K, 63% used [0x00000007f8880000,0x00000007fd43ff00,0x0000000800000000)
  to   space 138240K, 0% used [0x00000007ef200000,0x00000007ef200000,0x00000007f7900000)
 ParOldGen       total 561664K, used 392224K [0x0000000780000000, 0x00000007a2480000, 0x00000007d5500000)
  object space 561664K, 69% used [0x0000000780000000,0x0000000797f082d0,0x00000007a2480000)
 PSPermGen       total 83968K, used 52430K [0x000000077ae00000, 0x0000000780000000, 0x0000000780000000)
  object space 83968K, 62% used [0x000000077ae00000,0x000000077e133a90,0x0000000780000000)
Event: 84,999 GC heap after
Heap after GC invocations=31 (full 6):
 PSYoungGen      total 561152K, used 138235K [0x00000007d5500000, 0x0000000800000000, 0x0000000800000000)
  eden space 422912K, 0% used [0x00000007d5500000,0x00000007d5500000,0x00000007ef200000)
  from space 138240K, 99% used [0x00000007ef200000,0x00000007f78fee38,0x00000007f7900000)
  to   space 138240K, 0% used [0x00000007f7900000,0x00000007f7900000,0x0000000800000000)
 ParOldGen       total 561664K, used 392655K [0x0000000780000000, 0x00000007a2480000, 0x00000007d5500000)
  object space 561664K, 69% used [0x0000000780000000,0x0000000797f73f08,0x00000007a2480000)
 PSPermGen       total 83968K, used 52430K [0x000000077ae00000, 0x0000000780000000, 0x0000000780000000)
  object space 83968K, 62% used [0x000000077ae00000,0x000000077e133a90,0x0000000780000000)
}
Event: 85,491 GC heap before
{Heap before GC invocations=32 (full 6):
 PSYoungGen      total 561152K, used 561147K [0x00000007d5500000, 0x0000000800000000, 0x0000000800000000)
  eden space 422912K, 100% used [0x00000007d5500000,0x00000007ef200000,0x00000007ef200000)
  from space 138240K, 99% used [0x00000007ef200000,0x00000007f78fee38,0x00000007f7900000)
  to   space 138240K, 0% used [0x00000007f7900000,0x00000007f7900000,0x0000000800000000)
 ParOldGen       total 561664K, used 392655K [0x0000000780000000, 0x00000007a2480000, 0x00000007d5500000)
  object space 561664K, 69% used [0x0000000780000000,0x0000000797f73f08,0x00000007a2480000)
 PSPermGen       total 83968K, used 52435K [0x000000077ae00000, 0x0000000780000000, 0x0000000780000000)
  object space 83968K, 62% used [0x000000077ae00000,0x000000077e134d78,0x0000000780000000)
Event: 85,758 GC heap after
Heap after GC invocations=32 (full 6):
 PSYoungGen      total 476160K, used 136406K [0x00000007d5500000, 0x0000000800000000, 0x0000000800000000)
  eden space 337920K, 0% used [0x00000007d5500000,0x00000007d5500000,0x00000007e9f00000)
  from space 138240K, 98% used [0x00000007f7900000,0x00000007ffe35b88,0x0000000800000000)
  to   space 180736K, 0% used [0x00000007e9f00000,0x00000007e9f00000,0x00000007f4f80000)
 ParOldGen       total 561664K, used 468021K [0x0000000780000000, 0x00000007a2480000, 0x00000007d5500000)
  object space 561664K, 83% used [0x0000000780000000,0x000000079c90d468,0x00000007a2480000)
 PSPermGen       total 83968K, used 52435K [0x000000077ae00000, 0x0000000780000000, 0x0000000780000000)
  object space 83968K, 62% used [0x000000077ae00000,0x000000077e134d78,0x0000000780000000)
}
Event: 86,443 GC heap before
{Heap before GC invocations=33 (full 6):
 PSYoungGen      total 476160K, used 474326K [0x00000007d5500000, 0x0000000800000000, 0x0000000800000000)
  eden space 337920K, 100% used [0x00000007d5500000,0x00000007e9f00000,0x00000007e9f00000)
  from space 138240K, 98% used [0x00000007f7900000,0x00000007ffe35b88,0x0000000800000000)
  to   space 180736K, 0% used [0x00000007e9f00000,0x00000007e9f00000,0x00000007f4f80000)
 ParOldGen       total 561664K, used 468021K [0x0000000780000000, 0x00000007a2480000, 0x00000007d5500000)
  object space 561664K, 83% used [0x0000000780000000,0x000000079c90d468,0x00000007a2480000)
 PSPermGen       total 83968K, used 52435K [0x000000077ae00000, 0x0000000780000000, 0x0000000780000000)
  object space 83968K, 62% used [0x000000077ae00000,0x000000077e134e30,0x0000000780000000)
Event: 86,782 GC heap after
Heap after GC invocations=33 (full 6):
 PSYoungGen      total 518656K, used 180709K [0x00000007d5500000, 0x0000000800000000, 0x0000000800000000)
  eden space 337920K, 0% used [0x00000007d5500000,0x00000007d5500000,0x00000007e9f00000)
  from space 180736K, 99% used [0x00000007e9f00000,0x00000007f4f797b8,0x00000007f4f80000)
  to   space 180736K, 0% used [0x00000007f4f80000,0x00000007f4f80000,0x0000000800000000)
 ParOldGen       total 579584K, used 578172K [0x0000000780000000, 0x00000007a3600000, 0x00000007d5500000)
  object space 579584K, 99% used [0x0000000780000000,0x00000007a349f118,0x00000007a3600000)
 PSPermGen       total 83968K, used 52435K [0x000000077ae00000, 0x0000000780000000, 0x0000000780000000)
  object space 83968K, 62% used [0x000000077ae00000,0x000000077e134e30,0x0000000780000000)
}
Event: 86,782 GC heap before
{Heap before GC invocations=34 (full 7):
 PSYoungGen      total 518656K, used 180709K [0x00000007d5500000, 0x0000000800000000, 0x0000000800000000)
  eden space 337920K, 0% used [0x00000007d5500000,0x00000007d5500000,0x00000007e9f00000)
  from space 180736K, 99% used [0x00000007e9f00000,0x00000007f4f797b8,0x00000007f4f80000)
  to   space 180736K, 0% used [0x00000007f4f80000,0x00000007f4f80000,0x0000000800000000)
 ParOldGen       total 579584K, used 578172K [0x0000000780000000, 0x00000007a3600000, 0x00000007d5500000)
  object space 579584K, 99% used [0x0000000780000000,0x00000007a349f118,0x00000007a3600000)
 PSPermGen       total 83968K, used 52435K [0x000000077ae00000, 0x0000000780000000, 0x0000000780000000)
  object space 83968K, 62% used [0x000000077ae00000,0x000000077e134e30,0x0000000780000000)

