# JRE version: Java(TM) SE Runtime Environment (8.0_91-b14) (build 1.8.0_91-b14)
# Java VM: Java HotSpot(TM) 64-Bit Server VM (25.91-b14 mixed mode linux-amd64 compressed oops)
Heap:
 PSYoungGen      total 524800K, used 0K [0x00000000d5580000, 0x0000000100000000, 0x0000000100000000)
  eden space 350720K, 0% used [0x00000000d5580000,0x00000000d5580000,0x00000000eac00000)
  from space 174080K, 0% used [0x00000000eac00000,0x00000000eac00000,0x00000000f5600000)
  to   space 172032K, 0% used [0x00000000f5800000,0x00000000f5800000,0x0000000100000000)
 ParOldGen       total 454656K, used 370047K [0x0000000080000000, 0x000000009bc00000, 0x00000000d5580000)
  object space 454656K, 81% used [0x0000000080000000,0x000000009695fef0,0x000000009bc00000)
 Metaspace       used 63157K, capacity 64902K, committed 65152K, reserved 1105920K
  class space    used 8053K, capacity 8555K, committed 8576K, reserved 1048576K
GC Heap History (10 events):
Event: 56,255 GC heap after
Heap after GC invocations=32 (full 6):
 PSYoungGen      total 563200K, used 79514K [0x00000000d5580000, 0x0000000100000000, 0x0000000100000000)
  eden space 439808K, 0% used [0x00000000d5580000,0x00000000d5580000,0x00000000f0300000)
  from space 123392K, 64% used [0x00000000f8780000,0x00000000fd5268e8,0x0000000100000000)
  to   space 129536K, 0% used [0x00000000f0300000,0x00000000f0300000,0x00000000f8180000)
 ParOldGen       total 413184K, used 290233K [0x0000000080000000, 0x0000000099380000, 0x00000000d5580000)
  object space 413184K, 70% used [0x0000000080000000,0x0000000091b6e520,0x0000000099380000)
 Metaspace       used 62990K, capacity 64710K, committed 64896K, reserved 1105920K
  class space    used 8053K, capacity 8555K, committed 8576K, reserved 1048576K
}
Event: 57,915 GC heap before
{Heap before GC invocations=33 (full 6):
 PSYoungGen      total 563200K, used 519322K [0x00000000d5580000, 0x0000000100000000, 0x0000000100000000)
  eden space 439808K, 100% used [0x00000000d5580000,0x00000000f0300000,0x00000000f0300000)
  from space 123392K, 64% used [0x00000000f8780000,0x00000000fd5268e8,0x0000000100000000)
  to   space 129536K, 0% used [0x00000000f0300000,0x00000000f0300000,0x00000000f8180000)
 ParOldGen       total 413184K, used 290233K [0x0000000080000000, 0x0000000099380000, 0x00000000d5580000)
  object space 413184K, 70% used [0x0000000080000000,0x0000000091b6e520,0x0000000099380000)
 Metaspace       used 63124K, capacity 64838K, committed 65152K, reserved 1105920K
  class space    used 8053K, capacity 8555K, committed 8576K, reserved 1048576K
Event: 58,147 GC heap after
Heap after GC invocations=33 (full 6):
 PSYoungGen      total 534528K, used 94485K [0x00000000d5580000, 0x0000000100000000, 0x0000000100000000)
  eden space 439808K, 0% used [0x00000000d5580000,0x00000000d5580000,0x00000000f0300000)
  from space 94720K, 99% used [0x00000000f0300000,0x00000000f5f45630,0x00000000f5f80000)
  to   space 139776K, 0% used [0x00000000f7780000,0x00000000f7780000,0x0000000100000000)
 ParOldGen       total 413184K, used 340199K [0x0000000080000000, 0x0000000099380000, 0x00000000d5580000)
  object space 413184K, 82% used [0x0000000080000000,0x0000000094c39f68,0x0000000099380000)
 Metaspace       used 63124K, capacity 64838K, committed 65152K, reserved 1105920K
  class space    used 8053K, capacity 8555K, committed 8576K, reserved 1048576K
}
Event: 58,149 GC heap before
{Heap before GC invocations=34 (full 7):
 PSYoungGen      total 534528K, used 94485K [0x00000000d5580000, 0x0000000100000000, 0x0000000100000000)
  eden space 439808K, 0% used [0x00000000d5580000,0x00000000d5580000,0x00000000f0300000)
  from space 94720K, 99% used [0x00000000f0300000,0x00000000f5f45630,0x00000000f5f80000)
  to   space 139776K, 0% used [0x00000000f7780000,0x00000000f7780000,0x0000000100000000)
 ParOldGen       total 413184K, used 340199K [0x0000000080000000, 0x0000000099380000, 0x00000000d5580000)
  object space 413184K, 82% used [0x0000000080000000,0x0000000094c39f68,0x0000000099380000)
 Metaspace       used 63124K, capacity 64838K, committed 65152K, reserved 1105920K
  class space    used 8053K, capacity 8555K, committed 8576K, reserved 1048576K
Event: 59,575 GC heap after
Heap after GC invocations=34 (full 7):
 PSYoungGen      total 534528K, used 0K [0x00000000d5580000, 0x0000000100000000, 0x0000000100000000)
  eden space 439808K, 0% used [0x00000000d5580000,0x00000000d5580000,0x00000000f0300000)
  from space 94720K, 0% used [0x00000000f0300000,0x00000000f0300000,0x00000000f5f80000)
  to   space 139776K, 0% used [0x00000000f7780000,0x00000000f7780000,0x0000000100000000)
 ParOldGen       total 454656K, used 290452K [0x0000000080000000, 0x000000009bc00000, 0x00000000d5580000)
  object space 454656K, 63% used [0x0000000080000000,0x0000000091ba5150,0x000000009bc00000)
 Metaspace       used 63124K, capacity 64838K, committed 65152K, reserved 1105920K
  class space    used 8053K, capacity 8555K, committed 8576K, reserved 1048576K
}
Event: 60,816 GC heap before
{Heap before GC invocations=35 (full 7):
 PSYoungGen      total 534528K, used 439808K [0x00000000d5580000, 0x0000000100000000, 0x0000000100000000)
  eden space 439808K, 100% used [0x00000000d5580000,0x00000000f0300000,0x00000000f0300000)
  from space 94720K, 0% used [0x00000000f0300000,0x00000000f0300000,0x00000000f5f80000)
  to   space 139776K, 0% used [0x00000000f7780000,0x00000000f7780000,0x0000000100000000)
 ParOldGen       total 454656K, used 290452K [0x0000000080000000, 0x000000009bc00000, 0x00000000d5580000)
  object space 454656K, 63% used [0x0000000080000000,0x0000000091ba5150,0x000000009bc00000)
 Metaspace       used 63143K, capacity 64838K, committed 65152K, reserved 1105920K
  class space    used 8053K, capacity 8555K, committed 8576K, reserved 1048576K
Event: 65,477 GC heap after
Heap after GC invocations=35 (full 7):
 PSYoungGen      total 490496K, used 139748K [0x00000000d5580000, 0x0000000100000000, 0x0000000100000000)
  eden space 350720K, 0% used [0x00000000d5580000,0x00000000d5580000,0x00000000eac00000)
  from space 139776K, 99% used [0x00000000f7780000,0x00000000ffff9088,0x0000000100000000)
  to   space 174080K, 0% used [0x00000000eac00000,0x00000000eac00000,0x00000000f5600000)
 ParOldGen       total 454656K, used 317770K [0x0000000080000000, 0x000000009bc00000, 0x00000000d5580000)
  object space 454656K, 69% used [0x0000000080000000,0x0000000093652838,0x000000009bc00000)
 Metaspace       used 63143K, capacity 64838K, committed 65152K, reserved 1105920K
  class space    used 8053K, capacity 8555K, committed 8576K, reserved 1048576K
}
Event: 67,741 GC heap before
{Heap before GC invocations=36 (full 7):
 PSYoungGen      total 490496K, used 490468K [0x00000000d5580000, 0x0000000100000000, 0x0000000100000000)
  eden space 350720K, 100% used [0x00000000d5580000,0x00000000eac00000,0x00000000eac00000)
  from space 139776K, 99% used [0x00000000f7780000,0x00000000ffff9088,0x0000000100000000)
  to   space 174080K, 0% used [0x00000000eac00000,0x00000000eac00000,0x00000000f5600000)
 ParOldGen       total 454656K, used 317770K [0x0000000080000000, 0x000000009bc00000, 0x00000000d5580000)
  object space 454656K, 69% used [0x0000000080000000,0x0000000093652838,0x000000009bc00000)
 Metaspace       used 63157K, capacity 64902K, committed 65152K, reserved 1105920K
  class space    used 8053K, capacity 8555K, committed 8576K, reserved 1048576K
Event: 72,217 GC heap after
Heap after GC invocations=36 (full 7):
 PSYoungGen      total 524800K, used 85331K [0x00000000d5580000, 0x0000000100000000, 0x0000000100000000)
  eden space 350720K, 0% used [0x00000000d5580000,0x00000000d5580000,0x00000000eac00000)
  from space 174080K, 49% used [0x00000000eac00000,0x00000000eff54ea0,0x00000000f5600000)
  to   space 172032K, 0% used [0x00000000f5800000,0x00000000f5800000,0x0000000100000000)
 ParOldGen       total 454656K, used 410645K [0x0000000080000000, 0x000000009bc00000, 0x00000000d5580000)
  object space 454656K, 90% used [0x0000000080000000,0x0000000099105480,0x000000009bc00000)
 Metaspace       used 63157K, capacity 64902K, committed 65152K, reserved 1105920K
  class space    used 8053K, capacity 8555K, committed 8576K, reserved 1048576K
}
Event: 72,275 GC heap before
{Heap before GC invocations=37 (full 8):
 PSYoungGen      total 524800K, used 85331K [0x00000000d5580000, 0x0000000100000000, 0x0000000100000000)
  eden space 350720K, 0% used [0x00000000d5580000,0x00000000d5580000,0x00000000eac00000)
  from space 174080K, 49% used [0x00000000eac00000,0x00000000eff54ea0,0x00000000f5600000)
  to   space 172032K, 0% used [0x00000000f5800000,0x00000000f5800000,0x0000000100000000)
 ParOldGen       total 454656K, used 410645K [0x0000000080000000, 0x000000009bc00000, 0x00000000d5580000)
  object space 454656K, 90% used [0x0000000080000000,0x0000000099105480,0x000000009bc00000)
 Metaspace       used 63157K, capacity 64902K, committed 65152K, reserved 1105920K
  class space    used 8053K, capacity 8555K, committed 8576K, reserved 1048576K

