# JRE version: Java(TM) SE Runtime Environment (7.0_80-b15) (build 1.7.0_80-b15)
# Java VM: Java HotSpot(TM) 64-Bit Server VM (24.80-b11 mixed mode linux-amd64 compressed oops)
Heap
 PSYoungGen      total 483840K, used 56607K [0x00000007d5500000, 0x0000000800000000, 0x0000000800000000)
  eden space 372736K, 0% used [0x00000007d5500000,0x00000007d5500000,0x00000007ec100000)
  from space 111104K, 50% used [0x00000007f6a80000,0x00000007fa1c7e68,0x00000007fd700000)
  to   space 163328K, 0% used [0x00000007ec100000,0x00000007ec100000,0x00000007f6080000)
 ParOldGen       total 593408K, used 593162K [0x0000000780000000, 0x00000007a4380000, 0x00000007d5500000)
  object space 593408K, 99% used [0x0000000780000000,0x00000007a4342ba8,0x00000007a4380000)
 PSPermGen       total 83968K, used 46727K [0x000000077ae00000, 0x0000000780000000, 0x0000000780000000)
  object space 83968K, 55% used [0x000000077ae00000,0x000000077dba1f30,0x0000000780000000)
GC Heap History (10 events):
Event: 31,624 GC heap after
Heap after GC invocations=29 (full 4):
 PSYoungGen      total 430080K, used 53479K [0x00000007d5500000, 0x00000007f8300000, 0x0000000800000000)
  eden space 348672K, 0% used [0x00000007d5500000,0x00000007d5500000,0x00000007ea980000)
  from space 81408K, 65% used [0x00000007ea980000,0x00000007eddb9d88,0x00000007ef900000)
  to   space 84480K, 0% used [0x00000007f3080000,0x00000007f3080000,0x00000007f8300000)
 ParOldGen       total 407552K, used 379491K [0x0000000780000000, 0x0000000798e00000, 0x00000007d5500000)
  object space 407552K, 93% used [0x0000000780000000,0x0000000797298fa8,0x0000000798e00000)
 PSPermGen       total 83968K, used 46703K [0x000000077ae00000, 0x0000000780000000, 0x0000000780000000)
  object space 83968K, 55% used [0x000000077ae00000,0x000000077db9bfd0,0x0000000780000000)
}
Event: 31,624 GC heap before
{Heap before GC invocations=30 (full 5):
 PSYoungGen      total 430080K, used 53479K [0x00000007d5500000, 0x00000007f8300000, 0x0000000800000000)
  eden space 348672K, 0% used [0x00000007d5500000,0x00000007d5500000,0x00000007ea980000)
  from space 81408K, 65% used [0x00000007ea980000,0x00000007eddb9d88,0x00000007ef900000)
  to   space 84480K, 0% used [0x00000007f3080000,0x00000007f3080000,0x00000007f8300000)
 ParOldGen       total 407552K, used 379491K [0x0000000780000000, 0x0000000798e00000, 0x00000007d5500000)
  object space 407552K, 93% used [0x0000000780000000,0x0000000797298fa8,0x0000000798e00000)
 PSPermGen       total 83968K, used 46703K [0x000000077ae00000, 0x0000000780000000, 0x0000000780000000)
  object space 83968K, 55% used [0x000000077ae00000,0x000000077db9bfd0,0x0000000780000000)
Event: 33,848 GC heap after
Heap after GC invocations=30 (full 5):
 PSYoungGen      total 430080K, used 20960K [0x00000007d5500000, 0x00000007f8300000, 0x0000000800000000)
  eden space 348672K, 0% used [0x00000007d5500000,0x00000007d5500000,0x00000007ea980000)
  from space 81408K, 25% used [0x00000007ea980000,0x00000007ebdf8210,0x00000007ef900000)
  to   space 84480K, 0% used [0x00000007f3080000,0x00000007f3080000,0x00000007f8300000)
 ParOldGen       total 593408K, used 407349K [0x0000000780000000, 0x00000007a4380000, 0x00000007d5500000)
  object space 593408K, 68% used [0x0000000780000000,0x0000000798dcd7b8,0x00000007a4380000)
 PSPermGen       total 83968K, used 46703K [0x000000077ae00000, 0x0000000780000000, 0x0000000780000000)
  object space 83968K, 55% used [0x000000077ae00000,0x000000077db9be30,0x0000000780000000)
}
Event: 34,292 GC heap before
{Heap before GC invocations=31 (full 5):
 PSYoungGen      total 430080K, used 369632K [0x00000007d5500000, 0x00000007f8300000, 0x0000000800000000)
  eden space 348672K, 100% used [0x00000007d5500000,0x00000007ea980000,0x00000007ea980000)
  from space 81408K, 25% used [0x00000007ea980000,0x00000007ebdf8210,0x00000007ef900000)
  to   space 84480K, 0% used [0x00000007f3080000,0x00000007f3080000,0x00000007f8300000)
 ParOldGen       total 593408K, used 407349K [0x0000000780000000, 0x00000007a4380000, 0x00000007d5500000)
  object space 593408K, 68% used [0x0000000780000000,0x0000000798dcd7b8,0x00000007a4380000)
 PSPermGen       total 83968K, used 46711K [0x000000077ae00000, 0x0000000780000000, 0x0000000780000000)
  object space 83968K, 55% used [0x000000077ae00000,0x000000077db9dd60,0x0000000780000000)
Event: 34,591 GC heap after
Heap after GC invocations=31 (full 5):
 PSYoungGen      total 465408K, used 59696K [0x00000007d5500000, 0x00000007f7c80000, 0x0000000800000000)
  eden space 387584K, 0% used [0x00000007d5500000,0x00000007d5500000,0x00000007ecf80000)
  from space 77824K, 76% used [0x00000007f3080000,0x00000007f6acc318,0x00000007f7c80000)
  to   space 88576K, 0% used [0x00000007ecf80000,0x00000007ecf80000,0x00000007f2600000)
 ParOldGen       total 593408K, used 426426K [0x0000000780000000, 0x00000007a4380000, 0x00000007d5500000)
  object space 593408K, 71% used [0x0000000780000000,0x000000079a06eb90,0x00000007a4380000)
 PSPermGen       total 83968K, used 46711K [0x000000077ae00000, 0x0000000780000000, 0x0000000780000000)
  object space 83968K, 55% used [0x000000077ae00000,0x000000077db9dd60,0x0000000780000000)
}
Event: 35,092 GC heap before
{Heap before GC invocations=32 (full 5):
 PSYoungGen      total 465408K, used 447280K [0x00000007d5500000, 0x00000007f7c80000, 0x0000000800000000)
  eden space 387584K, 100% used [0x00000007d5500000,0x00000007ecf80000,0x00000007ecf80000)
  from space 77824K, 76% used [0x00000007f3080000,0x00000007f6acc318,0x00000007f7c80000)
  to   space 88576K, 0% used [0x00000007ecf80000,0x00000007ecf80000,0x00000007f2600000)
 ParOldGen       total 593408K, used 426426K [0x0000000780000000, 0x00000007a4380000, 0x00000007d5500000)
  object space 593408K, 71% used [0x0000000780000000,0x000000079a06eb90,0x00000007a4380000)
 PSPermGen       total 83968K, used 46726K [0x000000077ae00000, 0x0000000780000000, 0x0000000780000000)
  object space 83968K, 55% used [0x000000077ae00000,0x000000077dba1b08,0x0000000780000000)
Event: 35,257 GC heap after
Heap after GC invocations=32 (full 5):
 PSYoungGen      total 476160K, used 88568K [0x00000007d5500000, 0x00000007fd700000, 0x0000000800000000)
  eden space 387584K, 0% used [0x00000007d5500000,0x00000007d5500000,0x00000007ecf80000)
  from space 88576K, 99% used [0x00000007ecf80000,0x00000007f25fe208,0x00000007f2600000)
  to   space 111104K, 0% used [0x00000007f6a80000,0x00000007f6a80000,0x00000007fd700000)
 ParOldGen       total 593408K, used 451022K [0x0000000780000000, 0x00000007a4380000, 0x00000007d5500000)
  object space 593408K, 76% used [0x0000000780000000,0x000000079b873b70,0x00000007a4380000)
 PSPermGen       total 83968K, used 46726K [0x000000077ae00000, 0x0000000780000000, 0x0000000780000000)
  object space 83968K, 55% used [0x000000077ae00000,0x000000077dba1b08,0x0000000780000000)
}
Event: 35,951 GC heap before
{Heap before GC invocations=33 (full 5):
 PSYoungGen      total 476160K, used 476152K [0x00000007d5500000, 0x00000007fd700000, 0x0000000800000000)
  eden space 387584K, 100% used [0x00000007d5500000,0x00000007ecf80000,0x00000007ecf80000)
  from space 88576K, 99% used [0x00000007ecf80000,0x00000007f25fe208,0x00000007f2600000)
  to   space 111104K, 0% used [0x00000007f6a80000,0x00000007f6a80000,0x00000007fd700000)
 ParOldGen       total 593408K, used 451022K [0x0000000780000000, 0x00000007a4380000, 0x00000007d5500000)
  object space 593408K, 76% used [0x0000000780000000,0x000000079b873b70,0x00000007a4380000)
 PSPermGen       total 83968K, used 46727K [0x000000077ae00000, 0x0000000780000000, 0x0000000780000000)
  object space 83968K, 55% used [0x000000077ae00000,0x000000077dba1f50,0x0000000780000000)
Event: 36,227 GC heap after
Heap after GC invocations=33 (full 5):
 PSYoungGen      total 483840K, used 111092K [0x00000007d5500000, 0x0000000800000000, 0x0000000800000000)
  eden space 372736K, 0% used [0x00000007d5500000,0x00000007d5500000,0x00000007ec100000)
  from space 111104K, 99% used [0x00000007f6a80000,0x00000007fd6fd158,0x00000007fd700000)
  to   space 163328K, 0% used [0x00000007ec100000,0x00000007ec100000,0x00000007f6080000)
 ParOldGen       total 593408K, used 543413K [0x0000000780000000, 0x00000007a4380000, 0x00000007d5500000)
  object space 593408K, 91% used [0x0000000780000000,0x00000007a12ad528,0x00000007a4380000)
 PSPermGen       total 83968K, used 46727K [0x000000077ae00000, 0x0000000780000000, 0x0000000780000000)
  object space 83968K, 55% used [0x000000077ae00000,0x000000077dba1f50,0x0000000780000000)
}
Event: 36,227 GC heap before
{Heap before GC invocations=34 (full 6):
 PSYoungGen      total 483840K, used 111092K [0x00000007d5500000, 0x0000000800000000, 0x0000000800000000)
  eden space 372736K, 0% used [0x00000007d5500000,0x00000007d5500000,0x00000007ec100000)
  from space 111104K, 99% used [0x00000007f6a80000,0x00000007fd6fd158,0x00000007fd700000)
  to   space 163328K, 0% used [0x00000007ec100000,0x00000007ec100000,0x00000007f6080000)
 ParOldGen       total 593408K, used 543413K [0x0000000780000000, 0x00000007a4380000, 0x00000007d5500000)
  object space 593408K, 91% used [0x0000000780000000,0x00000007a12ad528,0x00000007a4380000)
 PSPermGen       total 83968K, used 46727K [0x000000077ae00000, 0x0000000780000000, 0x0000000780000000)
  object space 83968K, 55% used [0x000000077ae00000,0x000000077dba1f50,0x0000000780000000)

