# JRE version: Java(TM) SE Runtime Environment (7.0_80-b15) (build 1.7.0_80-b15)
# Java VM: Java HotSpot(TM) 64-Bit Server VM (24.80-b11 mixed mode linux-amd64 compressed oops)
Heap
 PSYoungGen      total 442368K, used 90617K [0x00000007d5500000, 0x00000007f5d80000, 0x0000000800000000)
  eden space 351744K, 0% used [0x00000007d5500000,0x00000007d5500000,0x00000007eac80000)
  from space 90624K, 99% used [0x00000007eac80000,0x00000007f04fe500,0x00000007f0500000)
  to   space 82432K, 0% used [0x00000007f0d00000,0x00000007f0d00000,0x00000007f5d80000)
 ParOldGen       total 337920K, used 291395K [0x0000000780000000, 0x0000000794a00000, 0x00000007d5500000)
  object space 337920K, 86% used [0x0000000780000000,0x0000000791c90e18,0x0000000794a00000)
 PSPermGen       total 83968K, used 47469K [0x000000077ae00000, 0x0000000780000000, 0x0000000780000000)
  object space 83968K, 56% used [0x000000077ae00000,0x000000077dc5b400,0x0000000780000000)
GC Heap History (10 events):
Event: 35,544 GC heap after
Heap after GC invocations=24 (full 3):
 PSYoungGen      total 329216K, used 63993K [0x00000007d5500000, 0x00000007f1880000, 0x0000000800000000)
  eden space 265216K, 0% used [0x00000007d5500000,0x00000007d5500000,0x00000007e5800000)
  from space 64000K, 99% used [0x00000007e5800000,0x00000007e967e7d0,0x00000007e9680000)
  to   space 78336K, 0% used [0x00000007ecc00000,0x00000007ecc00000,0x00000007f1880000)
 ParOldGen       total 273920K, used 181200K [0x0000000780000000, 0x0000000790b80000, 0x00000007d5500000)
  object space 273920K, 66% used [0x0000000780000000,0x000000078b0f42b0,0x0000000790b80000)
 PSPermGen       total 83968K, used 47382K [0x000000077ae00000, 0x0000000780000000, 0x0000000780000000)
  object space 83968K, 56% used [0x000000077ae00000,0x000000077dc45870,0x0000000780000000)
}
Event: 36,681 GC heap before
{Heap before GC invocations=25 (full 3):
 PSYoungGen      total 329216K, used 329209K [0x00000007d5500000, 0x00000007f1880000, 0x0000000800000000)
  eden space 265216K, 100% used [0x00000007d5500000,0x00000007e5800000,0x00000007e5800000)
  from space 64000K, 99% used [0x00000007e5800000,0x00000007e967e7d0,0x00000007e9680000)
  to   space 78336K, 0% used [0x00000007ecc00000,0x00000007ecc00000,0x00000007f1880000)
 ParOldGen       total 273920K, used 181202K [0x0000000780000000, 0x0000000790b80000, 0x00000007d5500000)
  object space 273920K, 66% used [0x0000000780000000,0x000000078b0f4868,0x0000000790b80000)
 PSPermGen       total 83968K, used 47406K [0x000000077ae00000, 0x0000000780000000, 0x0000000780000000)
  object space 83968K, 56% used [0x000000077ae00000,0x000000077dc4bbe0,0x0000000780000000)
Event: 36,945 GC heap after
Heap after GC invocations=25 (full 3):
 PSYoungGen      total 375296K, used 65337K [0x00000007d5500000, 0x00000007f3980000, 0x0000000800000000)
  eden space 296960K, 0% used [0x00000007d5500000,0x00000007d5500000,0x00000007e7700000)
  from space 78336K, 83% used [0x00000007ecc00000,0x00000007f0bce540,0x00000007f1880000)
  to   space 87040K, 0% used [0x00000007e7700000,0x00000007e7700000,0x00000007ecc00000)
 ParOldGen       total 273920K, used 214175K [0x0000000780000000, 0x0000000790b80000, 0x00000007d5500000)
  object space 273920K, 78% used [0x0000000780000000,0x000000078d127cf0,0x0000000790b80000)
 PSPermGen       total 83968K, used 47406K [0x000000077ae00000, 0x0000000780000000, 0x0000000780000000)
  object space 83968K, 56% used [0x000000077ae00000,0x000000077dc4bbe0,0x0000000780000000)
}
Event: 38,917 GC heap before
{Heap before GC invocations=26 (full 3):
 PSYoungGen      total 375296K, used 362297K [0x00000007d5500000, 0x00000007f3980000, 0x0000000800000000)
  eden space 296960K, 100% used [0x00000007d5500000,0x00000007e7700000,0x00000007e7700000)
  from space 78336K, 83% used [0x00000007ecc00000,0x00000007f0bce540,0x00000007f1880000)
  to   space 87040K, 0% used [0x00000007e7700000,0x00000007e7700000,0x00000007ecc00000)
 ParOldGen       total 273920K, used 214175K [0x0000000780000000, 0x0000000790b80000, 0x00000007d5500000)
  object space 273920K, 78% used [0x0000000780000000,0x000000078d127cf0,0x0000000790b80000)
 PSPermGen       total 83968K, used 47430K [0x000000077ae00000, 0x0000000780000000, 0x0000000780000000)
  object space 83968K, 56% used [0x000000077ae00000,0x000000077dc519c0,0x0000000780000000)
Event: 39,132 GC heap after
Heap after GC invocations=26 (full 3):
 PSYoungGen      total 384000K, used 51903K [0x00000007d5500000, 0x00000007f6380000, 0x0000000800000000)
  eden space 296960K, 0% used [0x00000007d5500000,0x00000007d5500000,0x00000007e7700000)
  from space 87040K, 59% used [0x00000007e7700000,0x00000007ea9affc0,0x00000007ecc00000)
  to   space 88576K, 0% used [0x00000007f0d00000,0x00000007f0d00000,0x00000007f6380000)
 ParOldGen       total 273920K, used 267905K [0x0000000780000000, 0x0000000790b80000, 0x00000007d5500000)
  object space 273920K, 97% used [0x0000000780000000,0x00000007905a0620,0x0000000790b80000)
 PSPermGen       total 83968K, used 47430K [0x000000077ae00000, 0x0000000780000000, 0x0000000780000000)
  object space 83968K, 56% used [0x000000077ae00000,0x000000077dc519c0,0x0000000780000000)
}
Event: 39,132 GC heap before
{Heap before GC invocations=27 (full 4):
 PSYoungGen      total 384000K, used 51903K [0x00000007d5500000, 0x00000007f6380000, 0x0000000800000000)
  eden space 296960K, 0% used [0x00000007d5500000,0x00000007d5500000,0x00000007e7700000)
  from space 87040K, 59% used [0x00000007e7700000,0x00000007ea9affc0,0x00000007ecc00000)
  to   space 88576K, 0% used [0x00000007f0d00000,0x00000007f0d00000,0x00000007f6380000)
 ParOldGen       total 273920K, used 267905K [0x0000000780000000, 0x0000000790b80000, 0x00000007d5500000)
  object space 273920K, 97% used [0x0000000780000000,0x00000007905a0620,0x0000000790b80000)
 PSPermGen       total 83968K, used 47430K [0x000000077ae00000, 0x0000000780000000, 0x0000000780000000)
  object space 83968K, 56% used [0x000000077ae00000,0x000000077dc519c0,0x0000000780000000)
Event: 40,262 GC heap after
Heap after GC invocations=27 (full 4):
 PSYoungGen      total 384000K, used 0K [0x00000007d5500000, 0x00000007f6380000, 0x0000000800000000)
  eden space 296960K, 0% used [0x00000007d5500000,0x00000007d5500000,0x00000007e7700000)
  from space 87040K, 0% used [0x00000007e7700000,0x00000007e7700000,0x00000007ecc00000)
  to   space 88576K, 0% used [0x00000007f0d00000,0x00000007f0d00000,0x00000007f6380000)
 ParOldGen       total 337920K, used 199044K [0x0000000780000000, 0x0000000794a00000, 0x00000007d5500000)
  object space 337920K, 58% used [0x0000000780000000,0x000000078c261088,0x0000000794a00000)
 PSPermGen       total 83968K, used 47428K [0x000000077ae00000, 0x0000000780000000, 0x0000000780000000)
  object space 83968K, 56% used [0x000000077ae00000,0x000000077dc51360,0x0000000780000000)
}
Event: 42,179 GC heap before
{Heap before GC invocations=28 (full 4):
 PSYoungGen      total 384000K, used 296960K [0x00000007d5500000, 0x00000007f6380000, 0x0000000800000000)
  eden space 296960K, 100% used [0x00000007d5500000,0x00000007e7700000,0x00000007e7700000)
  from space 87040K, 0% used [0x00000007e7700000,0x00000007e7700000,0x00000007ecc00000)
  to   space 88576K, 0% used [0x00000007f0d00000,0x00000007f0d00000,0x00000007f6380000)
 ParOldGen       total 337920K, used 199044K [0x0000000780000000, 0x0000000794a00000, 0x00000007d5500000)
  object space 337920K, 58% used [0x0000000780000000,0x000000078c261088,0x0000000794a00000)
 PSPermGen       total 83968K, used 47462K [0x000000077ae00000, 0x0000000780000000, 0x0000000780000000)
  object space 83968K, 56% used [0x000000077ae00000,0x000000077dc59900,0x0000000780000000)
Event: 42,275 GC heap after
Heap after GC invocations=28 (full 4):
 PSYoungGen      total 434176K, used 55446K [0x00000007d5500000, 0x00000007f5d80000, 0x0000000800000000)
  eden space 351744K, 0% used [0x00000007d5500000,0x00000007d5500000,0x00000007eac80000)
  from space 82432K, 67% used [0x00000007f0d00000,0x00000007f4325928,0x00000007f5d80000)
  to   space 90624K, 0% used [0x00000007eac80000,0x00000007eac80000,0x00000007f0500000)
 ParOldGen       total 337920K, used 199044K [0x0000000780000000, 0x0000000794a00000, 0x00000007d5500000)
  object space 337920K, 58% used [0x0000000780000000,0x000000078c261088,0x0000000794a00000)
 PSPermGen       total 83968K, used 47462K [0x000000077ae00000, 0x0000000780000000, 0x0000000780000000)
  object space 83968K, 56% used [0x000000077ae00000,0x000000077dc59900,0x0000000780000000)
}
Event: 43,638 GC heap before
{Heap before GC invocations=29 (full 4):
 PSYoungGen      total 434176K, used 407190K [0x00000007d5500000, 0x00000007f5d80000, 0x0000000800000000)
  eden space 351744K, 100% used [0x00000007d5500000,0x00000007eac80000,0x00000007eac80000)
  from space 82432K, 67% used [0x00000007f0d00000,0x00000007f4325928,0x00000007f5d80000)
  to   space 90624K, 0% used [0x00000007eac80000,0x00000007eac80000,0x00000007f0500000)
 ParOldGen       total 337920K, used 199044K [0x0000000780000000, 0x0000000794a00000, 0x00000007d5500000)
  object space 337920K, 58% used [0x0000000780000000,0x000000078c261088,0x0000000794a00000)
 PSPermGen       total 83968K, used 47469K [0x000000077ae00000, 0x0000000780000000, 0x0000000780000000)
  object space 83968K, 56% used [0x000000077ae00000,0x000000077dc5b400,0x0000000780000000)

