# JRE version: Java(TM) SE Runtime Environment (7.0_80-b15) (build 1.7.0_80-b15)
# Java VM: Java HotSpot(TM) 64-Bit Server VM (24.80-b11 mixed mode linux-amd64 compressed oops)
Heap
 PSYoungGen      total 466432K, used 0K [0x00000007d5500000, 0x0000000800000000, 0x0000000800000000)
  eden space 233472K, 0% used [0x00000007d5500000,0x00000007d5500000,0x00000007e3900000)
  from space 232960K, 0% used [0x00000007f1c80000,0x00000007f1c80000,0x0000000800000000)
  to   space 232960K, 0% used [0x00000007e3900000,0x00000007e3900000,0x00000007f1c80000)
 ParOldGen       total 542720K, used 404543K [0x0000000780000000, 0x00000007a1200000, 0x00000007d5500000)
  object space 542720K, 74% used [0x0000000780000000,0x0000000798b0fe98,0x00000007a1200000)
 PSPermGen       total 75264K, used 65722K [0x000000077ae00000, 0x000000077f780000, 0x0000000780000000)
  object space 75264K, 87% used [0x000000077ae00000,0x000000077ee2eb60,0x000000077f780000)
GC Heap History (10 events):
Event: 912,237 GC heap after
Heap after GC invocations=178 (full 18):
 PSYoungGen      total 466432K, used 70540K [0x00000007d5500000, 0x0000000800000000, 0x0000000800000000)
  eden space 233472K, 0% used [0x00000007d5500000,0x00000007d5500000,0x00000007e3900000)
  from space 232960K, 30% used [0x00000007f1c80000,0x00000007f6163290,0x0000000800000000)
  to   space 232960K, 0% used [0x00000007e3900000,0x00000007e3900000,0x00000007f1c80000)
 ParOldGen       total 542720K, used 294148K [0x0000000780000000, 0x00000007a1200000, 0x00000007d5500000)
  object space 542720K, 54% used [0x0000000780000000,0x0000000791f41100,0x00000007a1200000)
 PSPermGen       total 75264K, used 65967K [0x000000077ae00000, 0x000000077f780000, 0x0000000780000000)
  object space 75264K, 87% used [0x000000077ae00000,0x000000077ee6bc18,0x000000077f780000)
}
Event: 912,683 GC heap before
{Heap before GC invocations=179 (full 18):
 PSYoungGen      total 466432K, used 304012K [0x00000007d5500000, 0x0000000800000000, 0x0000000800000000)
  eden space 233472K, 100% used [0x00000007d5500000,0x00000007e3900000,0x00000007e3900000)
  from space 232960K, 30% used [0x00000007f1c80000,0x00000007f6163290,0x0000000800000000)
  to   space 232960K, 0% used [0x00000007e3900000,0x00000007e3900000,0x00000007f1c80000)
 ParOldGen       total 542720K, used 294681K [0x0000000780000000, 0x00000007a1200000, 0x00000007d5500000)
  object space 542720K, 54% used [0x0000000780000000,0x0000000791fc64a8,0x00000007a1200000)
 PSPermGen       total 75264K, used 65967K [0x000000077ae00000, 0x000000077f780000, 0x0000000780000000)
  object space 75264K, 87% used [0x000000077ae00000,0x000000077ee6bc18,0x000000077f780000)
Event: 914,066 GC heap after
Heap after GC invocations=179 (full 18):
 PSYoungGen      total 466432K, used 69711K [0x00000007d5500000, 0x0000000800000000, 0x0000000800000000)
  eden space 233472K, 0% used [0x00000007d5500000,0x00000007d5500000,0x00000007e3900000)
  from space 232960K, 29% used [0x00000007e3900000,0x00000007e7d13f38,0x00000007f1c80000)
  to   space 232960K, 0% used [0x00000007f1c80000,0x00000007f1c80000,0x0000000800000000)
 ParOldGen       total 542720K, used 352100K [0x0000000780000000, 0x00000007a1200000, 0x00000007d5500000)
  object space 542720K, 64% used [0x0000000780000000,0x00000007957d93e0,0x00000007a1200000)
 PSPermGen       total 75264K, used 65967K [0x000000077ae00000, 0x000000077f780000, 0x0000000780000000)
  object space 75264K, 87% used [0x000000077ae00000,0x000000077ee6bc18,0x000000077f780000)
}
Event: 914,508 GC heap before
{Heap before GC invocations=180 (full 18):
 PSYoungGen      total 466432K, used 303183K [0x00000007d5500000, 0x0000000800000000, 0x0000000800000000)
  eden space 233472K, 100% used [0x00000007d5500000,0x00000007e3900000,0x00000007e3900000)
  from space 232960K, 29% used [0x00000007e3900000,0x00000007e7d13f38,0x00000007f1c80000)
  to   space 232960K, 0% used [0x00000007f1c80000,0x00000007f1c80000,0x0000000800000000)
 ParOldGen       total 542720K, used 352103K [0x0000000780000000, 0x00000007a1200000, 0x00000007d5500000)
  object space 542720K, 64% used [0x0000000780000000,0x00000007957d9e08,0x00000007a1200000)
 PSPermGen       total 75264K, used 65967K [0x000000077ae00000, 0x000000077f780000, 0x0000000780000000)
  object space 75264K, 87% used [0x000000077ae00000,0x000000077ee6bc18,0x000000077f780000)
Event: 915,795 GC heap after
Heap after GC invocations=180 (full 18):
 PSYoungGen      total 466432K, used 36356K [0x00000007d5500000, 0x0000000800000000, 0x0000000800000000)
  eden space 233472K, 0% used [0x00000007d5500000,0x00000007d5500000,0x00000007e3900000)
  from space 232960K, 15% used [0x00000007f1c80000,0x00000007f40012e0,0x0000000800000000)
  to   space 232960K, 0% used [0x00000007e3900000,0x00000007e3900000,0x00000007f1c80000)
 ParOldGen       total 542720K, used 413305K [0x0000000780000000, 0x00000007a1200000, 0x00000007d5500000)
  object space 542720K, 76% used [0x0000000780000000,0x000000079939e670,0x00000007a1200000)
 PSPermGen       total 75264K, used 65967K [0x000000077ae00000, 0x000000077f780000, 0x0000000780000000)
  object space 75264K, 87% used [0x000000077ae00000,0x000000077ee6bc18,0x000000077f780000)
}
Event: 916,283 GC heap before
{Heap before GC invocations=181 (full 18):
 PSYoungGen      total 466432K, used 269828K [0x00000007d5500000, 0x0000000800000000, 0x0000000800000000)
  eden space 233472K, 100% used [0x00000007d5500000,0x00000007e3900000,0x00000007e3900000)
  from space 232960K, 15% used [0x00000007f1c80000,0x00000007f40012e0,0x0000000800000000)
  to   space 232960K, 0% used [0x00000007e3900000,0x00000007e3900000,0x00000007f1c80000)
 ParOldGen       total 542720K, used 413305K [0x0000000780000000, 0x00000007a1200000, 0x00000007d5500000)
  object space 542720K, 76% used [0x0000000780000000,0x000000079939e670,0x00000007a1200000)
 PSPermGen       total 75264K, used 65967K [0x000000077ae00000, 0x000000077f780000, 0x0000000780000000)
  object space 75264K, 87% used [0x000000077ae00000,0x000000077ee6beb0,0x000000077f780000)
Event: 917,016 GC heap after
Heap after GC invocations=181 (full 18):
 PSYoungGen      total 466432K, used 88992K [0x00000007d5500000, 0x0000000800000000, 0x0000000800000000)
  eden space 233472K, 0% used [0x00000007d5500000,0x00000007d5500000,0x00000007e3900000)
  from space 232960K, 38% used [0x00000007e3900000,0x00000007e8fe83d0,0x00000007f1c80000)
  to   space 232960K, 0% used [0x00000007f1c80000,0x00000007f1c80000,0x0000000800000000)
 ParOldGen       total 542720K, used 446739K [0x0000000780000000, 0x00000007a1200000, 0x00000007d5500000)
  object space 542720K, 82% used [0x0000000780000000,0x000000079b444d40,0x00000007a1200000)
 PSPermGen       total 75264K, used 65967K [0x000000077ae00000, 0x000000077f780000, 0x0000000780000000)
  object space 75264K, 87% used [0x000000077ae00000,0x000000077ee6beb0,0x000000077f780000)
}
Event: 917,364 GC heap before
{Heap before GC invocations=182 (full 18):
 PSYoungGen      total 466432K, used 322464K [0x00000007d5500000, 0x0000000800000000, 0x0000000800000000)
  eden space 233472K, 100% used [0x00000007d5500000,0x00000007e3900000,0x00000007e3900000)
  from space 232960K, 38% used [0x00000007e3900000,0x00000007e8fe83d0,0x00000007f1c80000)
  to   space 232960K, 0% used [0x00000007f1c80000,0x00000007f1c80000,0x0000000800000000)
 ParOldGen       total 542720K, used 446739K [0x0000000780000000, 0x00000007a1200000, 0x00000007d5500000)
  object space 542720K, 82% used [0x0000000780000000,0x000000079b444d40,0x00000007a1200000)
 PSPermGen       total 75264K, used 65967K [0x000000077ae00000, 0x000000077f780000, 0x0000000780000000)
  object space 75264K, 87% used [0x000000077ae00000,0x000000077ee6beb0,0x000000077f780000)
Event: 918,127 GC heap after
Heap after GC invocations=182 (full 18):
 PSYoungGen      total 466432K, used 63388K [0x00000007d5500000, 0x0000000800000000, 0x0000000800000000)
  eden space 233472K, 0% used [0x00000007d5500000,0x00000007d5500000,0x00000007e3900000)
  from space 232960K, 27% used [0x00000007f1c80000,0x00000007f5a67360,0x0000000800000000)
  to   space 232960K, 0% used [0x00000007e3900000,0x00000007e3900000,0x00000007f1c80000)
 ParOldGen       total 542720K, used 537911K [0x0000000780000000, 0x00000007a1200000, 0x00000007d5500000)
  object space 542720K, 99% used [0x0000000780000000,0x00000007a0d4dee8,0x00000007a1200000)
 PSPermGen       total 75264K, used 65967K [0x000000077ae00000, 0x000000077f780000, 0x0000000780000000)
  object space 75264K, 87% used [0x000000077ae00000,0x000000077ee6beb0,0x000000077f780000)
}
Event: 918,129 GC heap before
{Heap before GC invocations=183 (full 19):
 PSYoungGen      total 466432K, used 63388K [0x00000007d5500000, 0x0000000800000000, 0x0000000800000000)
  eden space 233472K, 0% used [0x00000007d5500000,0x00000007d5500000,0x00000007e3900000)
  from space 232960K, 27% used [0x00000007f1c80000,0x00000007f5a67360,0x0000000800000000)
  to   space 232960K, 0% used [0x00000007e3900000,0x00000007e3900000,0x00000007f1c80000)
 ParOldGen       total 542720K, used 537911K [0x0000000780000000, 0x00000007a1200000, 0x00000007d5500000)
  object space 542720K, 99% used [0x0000000780000000,0x00000007a0d4dee8,0x00000007a1200000)
 PSPermGen       total 75264K, used 65967K [0x000000077ae00000, 0x000000077f780000, 0x0000000780000000)
  object space 75264K, 87% used [0x000000077ae00000,0x000000077ee6beb0,0x000000077f780000)

