# JRE version: Java(TM) SE Runtime Environment (7.0_80-b15) (build 1.7.0_80-b15)
# Java VM: Java HotSpot(TM) 64-Bit Server VM (24.80-b11 mixed mode linux-amd64 compressed oops)
Heap
 PSYoungGen      total 563712K, used 35140K [0x00000007d5500000, 0x0000000800000000, 0x0000000800000000)
  eden space 435200K, 0% used [0x00000007d5500000,0x00000007d5500000,0x00000007efe00000)
  from space 128512K, 27% used [0x00000007efe00000,0x00000007f20512e8,0x00000007f7b80000)
  to   space 135680K, 0% used [0x00000007f7b80000,0x00000007f7b80000,0x0000000800000000)
 ParOldGen       total 605696K, used 605547K [0x0000000780000000, 0x00000007a4f80000, 0x00000007d5500000)
  object space 605696K, 99% used [0x0000000780000000,0x00000007a4f5ac30,0x00000007a4f80000)
 PSPermGen       total 83968K, used 46727K [0x000000077ae00000, 0x0000000780000000, 0x0000000780000000)
  object space 83968K, 55% used [0x000000077ae00000,0x000000077dba1cd8,0x0000000780000000)
GC Heap History (10 events):
Event: 30,912 GC heap after
Heap after GC invocations=24 (full 4):
 PSYoungGen      total 521216K, used 101348K [0x00000007d5500000, 0x0000000800000000, 0x0000000800000000)
  eden space 419840K, 0% used [0x00000007d5500000,0x00000007d5500000,0x00000007eef00000)
  from space 101376K, 99% used [0x00000007f7080000,0x00000007fd3790e8,0x00000007fd380000)
  to   space 132608K, 0% used [0x00000007eef00000,0x00000007eef00000,0x00000007f7080000)
 ParOldGen       total 375296K, used 309362K [0x0000000780000000, 0x0000000796e80000, 0x00000007d5500000)
  object space 375296K, 82% used [0x0000000780000000,0x0000000792e1cbe0,0x0000000796e80000)
 PSPermGen       total 83968K, used 46698K [0x000000077ae00000, 0x0000000780000000, 0x0000000780000000)
  object space 83968K, 55% used [0x000000077ae00000,0x000000077db9ab30,0x0000000780000000)
}
Event: 31,651 GC heap before
{Heap before GC invocations=25 (full 4):
 PSYoungGen      total 521216K, used 521188K [0x00000007d5500000, 0x0000000800000000, 0x0000000800000000)
  eden space 419840K, 100% used [0x00000007d5500000,0x00000007eef00000,0x00000007eef00000)
  from space 101376K, 99% used [0x00000007f7080000,0x00000007fd3790e8,0x00000007fd380000)
  to   space 132608K, 0% used [0x00000007eef00000,0x00000007eef00000,0x00000007f7080000)
 ParOldGen       total 375296K, used 309362K [0x0000000780000000, 0x0000000796e80000, 0x00000007d5500000)
  object space 375296K, 82% used [0x0000000780000000,0x0000000792e1cbe0,0x0000000796e80000)
 PSPermGen       total 83968K, used 46708K [0x000000077ae00000, 0x0000000780000000, 0x0000000780000000)
  object space 83968K, 55% used [0x000000077ae00000,0x000000077db9d340,0x0000000780000000)
Event: 31,894 GC heap after
Heap after GC invocations=25 (full 4):
 PSYoungGen      total 552448K, used 67218K [0x00000007d5500000, 0x0000000800000000, 0x0000000800000000)
  eden space 419840K, 0% used [0x00000007d5500000,0x00000007d5500000,0x00000007eef00000)
  from space 132608K, 50% used [0x00000007eef00000,0x00000007f30a4b60,0x00000007f7080000)
  to   space 131584K, 0% used [0x00000007f7f80000,0x00000007f7f80000,0x0000000800000000)
 ParOldGen       total 410624K, used 409802K [0x0000000780000000, 0x0000000799100000, 0x00000007d5500000)
  object space 410624K, 99% used [0x0000000780000000,0x0000000799032bf8,0x0000000799100000)
 PSPermGen       total 83968K, used 46708K [0x000000077ae00000, 0x0000000780000000, 0x0000000780000000)
  object space 83968K, 55% used [0x000000077ae00000,0x000000077db9d340,0x0000000780000000)
}
Event: 31,894 GC heap before
{Heap before GC invocations=26 (full 5):
 PSYoungGen      total 552448K, used 67218K [0x00000007d5500000, 0x0000000800000000, 0x0000000800000000)
  eden space 419840K, 0% used [0x00000007d5500000,0x00000007d5500000,0x00000007eef00000)
  from space 132608K, 50% used [0x00000007eef00000,0x00000007f30a4b60,0x00000007f7080000)
  to   space 131584K, 0% used [0x00000007f7f80000,0x00000007f7f80000,0x0000000800000000)
 ParOldGen       total 410624K, used 409802K [0x0000000780000000, 0x0000000799100000, 0x00000007d5500000)
  object space 410624K, 99% used [0x0000000780000000,0x0000000799032bf8,0x0000000799100000)
 PSPermGen       total 83968K, used 46708K [0x000000077ae00000, 0x0000000780000000, 0x0000000780000000)
  object space 83968K, 55% used [0x000000077ae00000,0x000000077db9d340,0x0000000780000000)
Event: 34,489 GC heap after
Heap after GC invocations=26 (full 5):
 PSYoungGen      total 552448K, used 59728K [0x00000007d5500000, 0x0000000800000000, 0x0000000800000000)
  eden space 419840K, 0% used [0x00000007d5500000,0x00000007d5500000,0x00000007eef00000)
  from space 132608K, 45% used [0x00000007eef00000,0x00000007f2954278,0x00000007f7080000)
  to   space 131584K, 0% used [0x00000007f7f80000,0x00000007f7f80000,0x0000000800000000)
 ParOldGen       total 605696K, used 410391K [0x0000000780000000, 0x00000007a4f80000, 0x00000007d5500000)
  object space 605696K, 67% used [0x0000000780000000,0x00000007990c5c30,0x00000007a4f80000)
 PSPermGen       total 83968K, used 46708K [0x000000077ae00000, 0x0000000780000000, 0x0000000780000000)
  object space 83968K, 55% used [0x000000077ae00000,0x000000077db9d220,0x0000000780000000)
}
Event: 35,102 GC heap before
{Heap before GC invocations=27 (full 5):
 PSYoungGen      total 552448K, used 479568K [0x00000007d5500000, 0x0000000800000000, 0x0000000800000000)
  eden space 419840K, 100% used [0x00000007d5500000,0x00000007eef00000,0x00000007eef00000)
  from space 132608K, 45% used [0x00000007eef00000,0x00000007f2954278,0x00000007f7080000)
  to   space 131584K, 0% used [0x00000007f7f80000,0x00000007f7f80000,0x0000000800000000)
 ParOldGen       total 605696K, used 410391K [0x0000000780000000, 0x00000007a4f80000, 0x00000007d5500000)
  object space 605696K, 67% used [0x0000000780000000,0x00000007990c5c30,0x00000007a4f80000)
 PSPermGen       total 83968K, used 46726K [0x000000077ae00000, 0x0000000780000000, 0x0000000780000000)
  object space 83968K, 55% used [0x000000077ae00000,0x000000077dba19f0,0x0000000780000000)
Event: 35,499 GC heap after
Heap after GC invocations=27 (full 5):
 PSYoungGen      total 559616K, used 63813K [0x00000007d5500000, 0x00000007ff900000, 0x0000000800000000)
  eden space 435200K, 0% used [0x00000007d5500000,0x00000007d5500000,0x00000007efe00000)
  from space 124416K, 51% used [0x00000007f7f80000,0x00000007fbdd1728,0x00000007ff900000)
  to   space 128512K, 0% used [0x00000007efe00000,0x00000007efe00000,0x00000007f7b80000)
 ParOldGen       total 605696K, used 467930K [0x0000000780000000, 0x00000007a4f80000, 0x00000007d5500000)
  object space 605696K, 77% used [0x0000000780000000,0x000000079c8f6868,0x00000007a4f80000)
 PSPermGen       total 83968K, used 46726K [0x000000077ae00000, 0x0000000780000000, 0x0000000780000000)
  object space 83968K, 55% used [0x000000077ae00000,0x000000077dba19f0,0x0000000780000000)
}
Event: 36,327 GC heap before
{Heap before GC invocations=28 (full 5):
 PSYoungGen      total 559616K, used 499013K [0x00000007d5500000, 0x00000007ff900000, 0x0000000800000000)
  eden space 435200K, 100% used [0x00000007d5500000,0x00000007efe00000,0x00000007efe00000)
  from space 124416K, 51% used [0x00000007f7f80000,0x00000007fbdd1728,0x00000007ff900000)
  to   space 128512K, 0% used [0x00000007efe00000,0x00000007efe00000,0x00000007f7b80000)
 ParOldGen       total 605696K, used 467930K [0x0000000780000000, 0x00000007a4f80000, 0x00000007d5500000)
  object space 605696K, 77% used [0x0000000780000000,0x000000079c8f6868,0x00000007a4f80000)
 PSPermGen       total 83968K, used 46727K [0x000000077ae00000, 0x0000000780000000, 0x0000000780000000)
  object space 83968K, 55% used [0x000000077ae00000,0x000000077dba1d18,0x0000000780000000)
Event: 36,586 GC heap after
Heap after GC invocations=28 (full 5):
 PSYoungGen      total 563712K, used 128511K [0x00000007d5500000, 0x0000000800000000, 0x0000000800000000)
  eden space 435200K, 0% used [0x00000007d5500000,0x00000007d5500000,0x00000007efe00000)
  from space 128512K, 99% used [0x00000007efe00000,0x00000007f7b7ff00,0x00000007f7b80000)
  to   space 135680K, 0% used [0x00000007f7b80000,0x00000007f7b80000,0x0000000800000000)
 ParOldGen       total 605696K, used 517974K [0x0000000780000000, 0x00000007a4f80000, 0x00000007d5500000)
  object space 605696K, 85% used [0x0000000780000000,0x000000079f9d5b60,0x00000007a4f80000)
 PSPermGen       total 83968K, used 46727K [0x000000077ae00000, 0x0000000780000000, 0x0000000780000000)
  object space 83968K, 55% used [0x000000077ae00000,0x000000077dba1d18,0x0000000780000000)
}
Event: 36,586 GC heap before
{Heap before GC invocations=29 (full 6):
 PSYoungGen      total 563712K, used 128511K [0x00000007d5500000, 0x0000000800000000, 0x0000000800000000)
  eden space 435200K, 0% used [0x00000007d5500000,0x00000007d5500000,0x00000007efe00000)
  from space 128512K, 99% used [0x00000007efe00000,0x00000007f7b7ff00,0x00000007f7b80000)
  to   space 135680K, 0% used [0x00000007f7b80000,0x00000007f7b80000,0x0000000800000000)
 ParOldGen       total 605696K, used 517974K [0x0000000780000000, 0x00000007a4f80000, 0x00000007d5500000)
  object space 605696K, 85% used [0x0000000780000000,0x000000079f9d5b60,0x00000007a4f80000)
 PSPermGen       total 83968K, used 46727K [0x000000077ae00000, 0x0000000780000000, 0x0000000780000000)
  object space 83968K, 55% used [0x000000077ae00000,0x000000077dba1d18,0x0000000780000000)

