# JRE version: Java(TM) SE Runtime Environment (7.0_80-b15) (build 1.7.0_80-b15)
# Java VM: Java HotSpot(TM) 64-Bit Server VM (24.80-b11 mixed mode linux-amd64 compressed oops)
Heap
 PSYoungGen      total 593920K, used 0K [0x00000007d5500000, 0x0000000800000000, 0x0000000800000000)
  eden space 488960K, 0% used [0x00000007d5500000,0x00000007d5500000,0x00000007f3280000)
  from space 104960K, 0% used [0x00000007f3280000,0x00000007f3280000,0x00000007f9900000)
  to   space 105472K, 9% used [0x00000007f9900000,0x00000007fa2e91f8,0x0000000800000000)
 ParOldGen       total 313344K, used 313286K [0x0000000780000000, 0x0000000793200000, 0x00000007d5500000)
  object space 313344K, 99% used [0x0000000780000000,0x00000007931f18f8,0x0000000793200000)
 PSPermGen       total 83968K, used 57414K [0x000000077ae00000, 0x0000000780000000, 0x0000000780000000)
  object space 83968K, 68% used [0x000000077ae00000,0x000000077e611b28,0x0000000780000000)
GC Heap History (10 events):
Event: 54,855 GC heap after
Heap after GC invocations=21 (full 2):
 PSYoungGen      total 486400K, used 74220K [0x00000007d5500000, 0x0000000800000000, 0x0000000800000000)
  eden space 412160K, 0% used [0x00000007d5500000,0x00000007d5500000,0x00000007ee780000)
  from space 74240K, 99% used [0x00000007ee780000,0x00000007f2ffb3c0,0x00000007f3000000)
  to   space 102912K, 0% used [0x00000007f9b80000,0x00000007f9b80000,0x0000000800000000)
 ParOldGen       total 158208K, used 147111K [0x0000000780000000, 0x0000000789a80000, 0x00000007d5500000)
  object space 158208K, 92% used [0x0000000780000000,0x0000000788fa9f08,0x0000000789a80000)
 PSPermGen       total 83968K, used 57277K [0x000000077ae00000, 0x0000000780000000, 0x0000000780000000)
  object space 83968K, 68% used [0x000000077ae00000,0x000000077e5ef530,0x0000000780000000)
}
Event: 54,859 GC heap before
{Heap before GC invocations=22 (full 3):
 PSYoungGen      total 486400K, used 74220K [0x00000007d5500000, 0x0000000800000000, 0x0000000800000000)
  eden space 412160K, 0% used [0x00000007d5500000,0x00000007d5500000,0x00000007ee780000)
  from space 74240K, 99% used [0x00000007ee780000,0x00000007f2ffb3c0,0x00000007f3000000)
  to   space 102912K, 0% used [0x00000007f9b80000,0x00000007f9b80000,0x0000000800000000)
 ParOldGen       total 158208K, used 147111K [0x0000000780000000, 0x0000000789a80000, 0x00000007d5500000)
  object space 158208K, 92% used [0x0000000780000000,0x0000000788fa9f08,0x0000000789a80000)
 PSPermGen       total 83968K, used 57277K [0x000000077ae00000, 0x0000000780000000, 0x0000000780000000)
  object space 83968K, 68% used [0x000000077ae00000,0x000000077e5ef530,0x0000000780000000)
Event: 56,145 GC heap after
Heap after GC invocations=22 (full 3):
 PSYoungGen      total 486400K, used 34113K [0x00000007d5500000, 0x0000000800000000, 0x0000000800000000)
  eden space 412160K, 0% used [0x00000007d5500000,0x00000007d5500000,0x00000007ee780000)
  from space 74240K, 45% used [0x00000007ee780000,0x00000007f08d06f8,0x00000007f3000000)
  to   space 102912K, 0% used [0x00000007f9b80000,0x00000007f9b80000,0x0000000800000000)
 ParOldGen       total 251904K, used 157829K [0x0000000780000000, 0x000000078f600000, 0x00000007d5500000)
  object space 251904K, 62% used [0x0000000780000000,0x0000000789a21778,0x000000078f600000)
 PSPermGen       total 83968K, used 57275K [0x000000077ae00000, 0x0000000780000000, 0x0000000780000000)
  object space 83968K, 68% used [0x000000077ae00000,0x000000077e5eecd0,0x0000000780000000)
}
Event: 60,477 GC heap before
{Heap before GC invocations=23 (full 3):
 PSYoungGen      total 486400K, used 446273K [0x00000007d5500000, 0x0000000800000000, 0x0000000800000000)
  eden space 412160K, 100% used [0x00000007d5500000,0x00000007ee780000,0x00000007ee780000)
  from space 74240K, 45% used [0x00000007ee780000,0x00000007f08d06f8,0x00000007f3000000)
  to   space 102912K, 0% used [0x00000007f9b80000,0x00000007f9b80000,0x0000000800000000)
 ParOldGen       total 251904K, used 157829K [0x0000000780000000, 0x000000078f600000, 0x00000007d5500000)
  object space 251904K, 62% used [0x0000000780000000,0x0000000789a21790,0x000000078f600000)
 PSPermGen       total 83968K, used 57350K [0x000000077ae00000, 0x0000000780000000, 0x0000000780000000)
  object space 83968K, 68% used [0x000000077ae00000,0x000000077e601b08,0x0000000780000000)
Event: 61,632 GC heap after
Heap after GC invocations=23 (full 3):
 PSYoungGen      total 591360K, used 59479K [0x00000007d5500000, 0x00000007fff80000, 0x0000000800000000)
  eden space 488960K, 0% used [0x00000007d5500000,0x00000007d5500000,0x00000007f3280000)
  from space 102400K, 58% used [0x00000007f9b80000,0x00000007fd595c58,0x00000007fff80000)
  to   space 104960K, 0% used [0x00000007f3280000,0x00000007f3280000,0x00000007f9900000)
 ParOldGen       total 251904K, used 182219K [0x0000000780000000, 0x000000078f600000, 0x00000007d5500000)
  object space 251904K, 72% used [0x0000000780000000,0x000000078b1f2e20,0x000000078f600000)
 PSPermGen       total 83968K, used 57350K [0x000000077ae00000, 0x0000000780000000, 0x0000000780000000)
  object space 83968K, 68% used [0x000000077ae00000,0x000000077e601b08,0x0000000780000000)
}
Event: 70,614 GC heap before
{Heap before GC invocations=24 (full 3):
 PSYoungGen      total 591360K, used 548439K [0x00000007d5500000, 0x00000007fff80000, 0x0000000800000000)
  eden space 488960K, 100% used [0x00000007d5500000,0x00000007f3280000,0x00000007f3280000)
  from space 102400K, 58% used [0x00000007f9b80000,0x00000007fd595c58,0x00000007fff80000)
  to   space 104960K, 0% used [0x00000007f3280000,0x00000007f3280000,0x00000007f9900000)
 ParOldGen       total 251904K, used 182332K [0x0000000780000000, 0x000000078f600000, 0x00000007d5500000)
  object space 251904K, 72% used [0x0000000780000000,0x000000078b20f1f8,0x000000078f600000)
 PSPermGen       total 83968K, used 57402K [0x000000077ae00000, 0x0000000780000000, 0x0000000780000000)
  object space 83968K, 68% used [0x000000077ae00000,0x000000077e60eb18,0x0000000780000000)
Event: 139,574 GC heap after
Heap after GC invocations=24 (full 3):
 PSYoungGen      total 593920K, used 104959K [0x00000007d5500000, 0x0000000800000000, 0x0000000800000000)
  eden space 488960K, 0% used [0x00000007d5500000,0x00000007d5500000,0x00000007f3280000)
  from space 104960K, 99% used [0x00000007f3280000,0x00000007f98fff48,0x00000007f9900000)
  to   space 105472K, 0% used [0x00000007f9900000,0x00000007f9900000,0x0000000800000000)
 ParOldGen       total 251904K, used 187684K [0x0000000780000000, 0x000000078f600000, 0x00000007d5500000)
  object space 251904K, 74% used [0x0000000780000000,0x000000078b7490e0,0x000000078f600000)
 PSPermGen       total 83968K, used 57402K [0x000000077ae00000, 0x0000000780000000, 0x0000000780000000)
  object space 83968K, 68% used [0x000000077ae00000,0x000000077e60eb18,0x0000000780000000)
}
Event: 142,034 GC heap before
{Heap before GC invocations=25 (full 3):
 PSYoungGen      total 593920K, used 593919K [0x00000007d5500000, 0x0000000800000000, 0x0000000800000000)
  eden space 488960K, 100% used [0x00000007d5500000,0x00000007f3280000,0x00000007f3280000)
  from space 104960K, 99% used [0x00000007f3280000,0x00000007f98fff48,0x00000007f9900000)
  to   space 105472K, 0% used [0x00000007f9900000,0x00000007f9900000,0x0000000800000000)
 ParOldGen       total 251904K, used 187684K [0x0000000780000000, 0x000000078f600000, 0x00000007d5500000)
  object space 251904K, 74% used [0x0000000780000000,0x000000078b7490e0,0x000000078f600000)
 PSPermGen       total 83968K, used 57416K [0x000000077ae00000, 0x0000000780000000, 0x0000000780000000)
  object space 83968K, 68% used [0x000000077ae00000,0x000000077e612148,0x0000000780000000)
Event: 142,895 GC heap after
Heap after GC invocations=25 (full 3):
 PSYoungGen      total 593920K, used 593919K [0x00000007d5500000, 0x0000000800000000, 0x0000000800000000)
  eden space 488960K, 100% used [0x00000007d5500000,0x00000007f3280000,0x00000007f3280000)
  from space 104960K, 99% used [0x00000007f3280000,0x00000007f98fff48,0x00000007f9900000)
  to   space 105472K, 99% used [0x00000007f9900000,0x00000007ffffc6d0,0x0000000800000000)
 ParOldGen       total 313344K, used 313154K [0x0000000780000000, 0x0000000793200000, 0x00000007d5500000)
  object space 313344K, 99% used [0x0000000780000000,0x00000007931d08d8,0x0000000793200000)
 PSPermGen       total 83968K, used 57416K [0x000000077ae00000, 0x0000000780000000, 0x0000000780000000)
  object space 83968K, 68% used [0x000000077ae00000,0x000000077e612148,0x0000000780000000)
}
Event: 142,939 GC heap before
{Heap before GC invocations=26 (full 4):
 PSYoungGen      total 593920K, used 593919K [0x00000007d5500000, 0x0000000800000000, 0x0000000800000000)
  eden space 488960K, 100% used [0x00000007d5500000,0x00000007f3280000,0x00000007f3280000)
  from space 104960K, 99% used [0x00000007f3280000,0x00000007f98fff48,0x00000007f9900000)
  to   space 105472K, 99% used [0x00000007f9900000,0x00000007ffffc6d0,0x0000000800000000)
 ParOldGen       total 313344K, used 313154K [0x0000000780000000, 0x0000000793200000, 0x00000007d5500000)
  object space 313344K, 99% used [0x0000000780000000,0x00000007931d08d8,0x0000000793200000)
 PSPermGen       total 83968K, used 57416K [0x000000077ae00000, 0x0000000780000000, 0x0000000780000000)
  object space 83968K, 68% used [0x000000077ae00000,0x000000077e612148,0x0000000780000000)

