# JRE version: Java(TM) SE Runtime Environment (7.0_80-b15) (build 1.7.0_80-b15)
# Java VM: Java HotSpot(TM) 64-Bit Server VM (24.80-b11 mixed mode linux-amd64 compressed oops)
Heap
 PSYoungGen      total 538624K, used 102966K [0x00000007d5500000, 0x0000000800000000, 0x0000000800000000)
  eden space 398848K, 0% used [0x00000007d5500000,0x00000007d5500000,0x00000007eda80000)
  from space 139776K, 73% used [0x00000007eda80000,0x00000007f3f0d980,0x00000007f6300000)
  to   space 160768K, 0% used [0x00000007f6300000,0x00000007f6300000,0x0000000800000000)
 ParOldGen       total 661504K, used 661204K [0x0000000780000000, 0x00000007a8600000, 0x00000007d5500000)
  object space 661504K, 99% used [0x0000000780000000,0x00000007a85b52f8,0x00000007a8600000)
 PSPermGen       total 83968K, used 59363K [0x000000077ae00000, 0x0000000780000000, 0x0000000780000000)
  object space 83968K, 70% used [0x000000077ae00000,0x000000077e7f8cd8,0x0000000780000000)
GC Heap History (10 events):
Event: 169,321 GC heap after
Heap after GC invocations=32 (full 6):
 PSYoungGen      total 519680K, used 129515K [0x00000007d5500000, 0x0000000800000000, 0x0000000800000000)
  eden space 390144K, 0% used [0x00000007d5500000,0x00000007d5500000,0x00000007ed200000)
  from space 129536K, 99% used [0x00000007f8180000,0x00000007ffffad08,0x0000000800000000)
  to   space 154624K, 0% used [0x00000007ed200000,0x00000007ed200000,0x00000007f6900000)
 ParOldGen       total 418304K, used 353958K [0x0000000780000000, 0x0000000799880000, 0x00000007d5500000)
  object space 418304K, 84% used [0x0000000780000000,0x00000007959a99a8,0x0000000799880000)
 PSPermGen       total 83968K, used 59345K [0x000000077ae00000, 0x0000000780000000, 0x0000000780000000)
  object space 83968K, 70% used [0x000000077ae00000,0x000000077e7f4790,0x0000000780000000)
}
Event: 169,909 GC heap before
{Heap before GC invocations=33 (full 6):
 PSYoungGen      total 519680K, used 519659K [0x00000007d5500000, 0x0000000800000000, 0x0000000800000000)
  eden space 390144K, 100% used [0x00000007d5500000,0x00000007ed200000,0x00000007ed200000)
  from space 129536K, 99% used [0x00000007f8180000,0x00000007ffffad08,0x0000000800000000)
  to   space 154624K, 0% used [0x00000007ed200000,0x00000007ed200000,0x00000007f6900000)
 ParOldGen       total 418304K, used 353958K [0x0000000780000000, 0x0000000799880000, 0x00000007d5500000)
  object space 418304K, 84% used [0x0000000780000000,0x00000007959a99a8,0x0000000799880000)
 PSPermGen       total 83968K, used 59358K [0x000000077ae00000, 0x0000000780000000, 0x0000000780000000)
  object space 83968K, 70% used [0x000000077ae00000,0x000000077e7f7a20,0x0000000780000000)
Event: 170,325 GC heap after
Heap after GC invocations=33 (full 6):
 PSYoungGen      total 544768K, used 58693K [0x00000007d5500000, 0x0000000800000000, 0x0000000800000000)
  eden space 390144K, 0% used [0x00000007d5500000,0x00000007d5500000,0x00000007ed200000)
  from space 154624K, 37% used [0x00000007ed200000,0x00000007f0b51728,0x00000007f6900000)
  to   space 145920K, 0% used [0x00000007f7180000,0x00000007f7180000,0x0000000800000000)
 ParOldGen       total 484352K, used 484138K [0x0000000780000000, 0x000000079d900000, 0x00000007d5500000)
  object space 484352K, 99% used [0x0000000780000000,0x000000079d8cab50,0x000000079d900000)
 PSPermGen       total 83968K, used 59358K [0x000000077ae00000, 0x0000000780000000, 0x0000000780000000)
  object space 83968K, 70% used [0x000000077ae00000,0x000000077e7f7a20,0x0000000780000000)
}
Event: 170,342 GC heap before
{Heap before GC invocations=34 (full 7):
 PSYoungGen      total 544768K, used 58693K [0x00000007d5500000, 0x0000000800000000, 0x0000000800000000)
  eden space 390144K, 0% used [0x00000007d5500000,0x00000007d5500000,0x00000007ed200000)
  from space 154624K, 37% used [0x00000007ed200000,0x00000007f0b51728,0x00000007f6900000)
  to   space 145920K, 0% used [0x00000007f7180000,0x00000007f7180000,0x0000000800000000)
 ParOldGen       total 484352K, used 484138K [0x0000000780000000, 0x000000079d900000, 0x00000007d5500000)
  object space 484352K, 99% used [0x0000000780000000,0x000000079d8cab50,0x000000079d900000)
 PSPermGen       total 83968K, used 59358K [0x000000077ae00000, 0x0000000780000000, 0x0000000780000000)
  object space 83968K, 70% used [0x000000077ae00000,0x000000077e7f7a20,0x0000000780000000)
Event: 172,880 GC heap after
Heap after GC invocations=34 (full 7):
 PSYoungGen      total 544768K, used 47680K [0x00000007d5500000, 0x0000000800000000, 0x0000000800000000)
  eden space 390144K, 0% used [0x00000007d5500000,0x00000007d5500000,0x00000007ed200000)
  from space 154624K, 30% used [0x00000007ed200000,0x00000007f00901a8,0x00000007f6900000)
  to   space 145920K, 0% used [0x00000007f7180000,0x00000007f7180000,0x0000000800000000)
 ParOldGen       total 661504K, used 484044K [0x0000000780000000, 0x00000007a8600000, 0x00000007d5500000)
  object space 661504K, 73% used [0x0000000780000000,0x000000079d8b30e0,0x00000007a8600000)
 PSPermGen       total 83968K, used 59358K [0x000000077ae00000, 0x0000000780000000, 0x0000000780000000)
  object space 83968K, 70% used [0x000000077ae00000,0x000000077e7f78e0,0x0000000780000000)
}
Event: 173,362 GC heap before
{Heap before GC invocations=35 (full 7):
 PSYoungGen      total 544768K, used 437824K [0x00000007d5500000, 0x0000000800000000, 0x0000000800000000)
  eden space 390144K, 100% used [0x00000007d5500000,0x00000007ed200000,0x00000007ed200000)
  from space 154624K, 30% used [0x00000007ed200000,0x00000007f00901a8,0x00000007f6900000)
  to   space 145920K, 0% used [0x00000007f7180000,0x00000007f7180000,0x0000000800000000)
 ParOldGen       total 661504K, used 484044K [0x0000000780000000, 0x00000007a8600000, 0x00000007d5500000)
  object space 661504K, 73% used [0x0000000780000000,0x000000079d8b30e0,0x00000007a8600000)
 PSPermGen       total 83968K, used 59362K [0x000000077ae00000, 0x0000000780000000, 0x0000000780000000)
  object space 83968K, 70% used [0x000000077ae00000,0x000000077e7f89d8,0x0000000780000000)
Event: 173,709 GC heap after
Heap after GC invocations=35 (full 7):
 PSYoungGen      total 523776K, used 63673K [0x00000007d5500000, 0x00000007feb80000, 0x0000000800000000)
  eden space 398848K, 0% used [0x00000007d5500000,0x00000007d5500000,0x00000007eda80000)
  from space 124928K, 50% used [0x00000007f7180000,0x00000007fafae648,0x00000007feb80000)
  to   space 139776K, 0% used [0x00000007eda80000,0x00000007eda80000,0x00000007f6300000)
 ParOldGen       total 661504K, used 529597K [0x0000000780000000, 0x00000007a8600000, 0x00000007d5500000)
  object space 661504K, 80% used [0x0000000780000000,0x00000007a052f628,0x00000007a8600000)
 PSPermGen       total 83968K, used 59362K [0x000000077ae00000, 0x0000000780000000, 0x0000000780000000)
  object space 83968K, 70% used [0x000000077ae00000,0x000000077e7f89d8,0x0000000780000000)
}
Event: 174,645 GC heap before
{Heap before GC invocations=36 (full 7):
 PSYoungGen      total 523776K, used 462521K [0x00000007d5500000, 0x00000007feb80000, 0x0000000800000000)
  eden space 398848K, 100% used [0x00000007d5500000,0x00000007eda80000,0x00000007eda80000)
  from space 124928K, 50% used [0x00000007f7180000,0x00000007fafae648,0x00000007feb80000)
  to   space 139776K, 0% used [0x00000007eda80000,0x00000007eda80000,0x00000007f6300000)
 ParOldGen       total 661504K, used 529597K [0x0000000780000000, 0x00000007a8600000, 0x00000007d5500000)
  object space 661504K, 80% used [0x0000000780000000,0x00000007a052f628,0x00000007a8600000)
 PSPermGen       total 83968K, used 59363K [0x000000077ae00000, 0x0000000780000000, 0x0000000780000000)
  object space 83968K, 70% used [0x000000077ae00000,0x000000077e7f8d18,0x0000000780000000)
Event: 175,052 GC heap after
Heap after GC invocations=36 (full 7):
 PSYoungGen      total 538624K, used 139752K [0x00000007d5500000, 0x0000000800000000, 0x0000000800000000)
  eden space 398848K, 0% used [0x00000007d5500000,0x00000007d5500000,0x00000007eda80000)
  from space 139776K, 99% used [0x00000007eda80000,0x00000007f62fa258,0x00000007f6300000)
  to   space 160768K, 0% used [0x00000007f6300000,0x00000007f6300000,0x0000000800000000)
 ParOldGen       total 661504K, used 629769K [0x0000000780000000, 0x00000007a8600000, 0x00000007d5500000)
  object space 661504K, 95% used [0x0000000780000000,0x00000007a67025c8,0x00000007a8600000)
 PSPermGen       total 83968K, used 59363K [0x000000077ae00000, 0x0000000780000000, 0x0000000780000000)
  object space 83968K, 70% used [0x000000077ae00000,0x000000077e7f8d18,0x0000000780000000)
}
Event: 175,068 GC heap before
{Heap before GC invocations=37 (full 8):
 PSYoungGen      total 538624K, used 139752K [0x00000007d5500000, 0x0000000800000000, 0x0000000800000000)
  eden space 398848K, 0% used [0x00000007d5500000,0x00000007d5500000,0x00000007eda80000)
  from space 139776K, 99% used [0x00000007eda80000,0x00000007f62fa258,0x00000007f6300000)
  to   space 160768K, 0% used [0x00000007f6300000,0x00000007f6300000,0x0000000800000000)
 ParOldGen       total 661504K, used 629769K [0x0000000780000000, 0x00000007a8600000, 0x00000007d5500000)
  object space 661504K, 95% used [0x0000000780000000,0x00000007a67025c8,0x00000007a8600000)
 PSPermGen       total 83968K, used 59363K [0x000000077ae00000, 0x0000000780000000, 0x0000000780000000)
  object space 83968K, 70% used [0x000000077ae00000,0x000000077e7f8d18,0x0000000780000000)

