# JRE version: Java(TM) SE Runtime Environment (8.0_91-b14) (build 1.8.0_91-b14)
# Java VM: Java HotSpot(TM) 64-Bit Server VM (25.91-b14 mixed mode linux-amd64 compressed oops)
Heap:
 PSYoungGen      total 217088K, used 0K [0x00000000eab00000, 0x0000000100000000, 0x0000000100000000)
  eden space 166912K, 0% used [0x00000000eab00000,0x00000000eab00000,0x00000000f4e00000)
  from space 50176K, 0% used [0x00000000f4e00000,0x00000000f4e00000,0x00000000f7f00000)
  to   space 80896K, 0% used [0x00000000fb100000,0x00000000fb100000,0x0000000100000000)
 ParOldGen       total 144384K, used 144083K [0x00000000c0000000, 0x00000000c8d00000, 0x00000000eab00000)
  object space 144384K, 99% used [0x00000000c0000000,0x00000000c8cb4fe8,0x00000000c8d00000)
 Metaspace       used 6444K, capacity 7256K, committed 7424K, reserved 1056768K
  class space    used 614K, capacity 656K, committed 768K, reserved 1048576K
GC Heap History (10 events):
Event: 18,981 GC heap after
Heap after GC invocations=9 (full 0):
 PSYoungGen      total 138752K, used 19430K [0x00000000eab00000, 0x00000000fa680000, 0x0000000100000000)
  eden space 119296K, 0% used [0x00000000eab00000,0x00000000eab00000,0x00000000f1f80000)
  from space 19456K, 99% used [0x00000000f1f80000,0x00000000f3279a80,0x00000000f3280000)
  to   space 33280K, 0% used [0x00000000f8600000,0x00000000f8600000,0x00000000fa680000)
 ParOldGen       total 47104K, used 46287K [0x00000000c0000000, 0x00000000c2e00000, 0x00000000eab00000)
  object space 47104K, 98% used [0x00000000c0000000,0x00000000c2d33e50,0x00000000c2e00000)
 Metaspace       used 6411K, capacity 7192K, committed 7424K, reserved 1056768K
  class space    used 613K, capacity 656K, committed 768K, reserved 1048576K
}
Event: 18,982 GC heap before
{Heap before GC invocations=10 (full 1):
 PSYoungGen      total 138752K, used 19430K [0x00000000eab00000, 0x00000000fa680000, 0x0000000100000000)
  eden space 119296K, 0% used [0x00000000eab00000,0x00000000eab00000,0x00000000f1f80000)
  from space 19456K, 99% used [0x00000000f1f80000,0x00000000f3279a80,0x00000000f3280000)
  to   space 33280K, 0% used [0x00000000f8600000,0x00000000f8600000,0x00000000fa680000)
 ParOldGen       total 47104K, used 46287K [0x00000000c0000000, 0x00000000c2e00000, 0x00000000eab00000)
  object space 47104K, 98% used [0x00000000c0000000,0x00000000c2d33e50,0x00000000c2e00000)
 Metaspace       used 6411K, capacity 7192K, committed 7424K, reserved 1056768K
  class space    used 613K, capacity 656K, committed 768K, reserved 1048576K
Event: 21,113 GC heap after
Heap after GC invocations=10 (full 1):
 PSYoungGen      total 138752K, used 16316K [0x00000000eab00000, 0x00000000fa680000, 0x0000000100000000)
  eden space 119296K, 0% used [0x00000000eab00000,0x00000000eab00000,0x00000000f1f80000)
  from space 19456K, 83% used [0x00000000f1f80000,0x00000000f2f6f2d8,0x00000000f3280000)
  to   space 33280K, 0% used [0x00000000f8600000,0x00000000f8600000,0x00000000fa680000)
 ParOldGen       total 84480K, used 46828K [0x00000000c0000000, 0x00000000c5280000, 0x00000000eab00000)
  object space 84480K, 55% used [0x00000000c0000000,0x00000000c2dbb260,0x00000000c5280000)
 Metaspace       used 6411K, capacity 7192K, committed 7424K, reserved 1056768K
  class space    used 613K, capacity 656K, committed 768K, reserved 1048576K
}
Event: 22,837 GC heap before
{Heap before GC invocations=11 (full 1):
 PSYoungGen      total 138752K, used 135612K [0x00000000eab00000, 0x00000000fa680000, 0x0000000100000000)
  eden space 119296K, 100% used [0x00000000eab00000,0x00000000f1f80000,0x00000000f1f80000)
  from space 19456K, 83% used [0x00000000f1f80000,0x00000000f2f6f2d8,0x00000000f3280000)
  to   space 33280K, 0% used [0x00000000f8600000,0x00000000f8600000,0x00000000fa680000)
 ParOldGen       total 84480K, used 46828K [0x00000000c0000000, 0x00000000c5280000, 0x00000000eab00000)
  object space 84480K, 55% used [0x00000000c0000000,0x00000000c2dbb260,0x00000000c5280000)
 Metaspace       used 6430K, capacity 7256K, committed 7424K, reserved 1056768K
  class space    used 614K, capacity 656K, committed 768K, reserved 1048576K
Event: 23,777 GC heap after
Heap after GC invocations=11 (full 1):
 PSYoungGen      total 200192K, used 33270K [0x00000000eab00000, 0x00000000fb000000, 0x0000000100000000)
  eden space 166912K, 0% used [0x00000000eab00000,0x00000000eab00000,0x00000000f4e00000)
  from space 33280K, 99% used [0x00000000f8600000,0x00000000fa67d9a8,0x00000000fa680000)
  to   space 50176K, 0% used [0x00000000f4e00000,0x00000000f4e00000,0x00000000f7f00000)
 ParOldGen       total 84480K, used 76035K [0x00000000c0000000, 0x00000000c5280000, 0x00000000eab00000)
  object space 84480K, 90% used [0x00000000c0000000,0x00000000c4a40ef0,0x00000000c5280000)
 Metaspace       used 6430K, capacity 7256K, committed 7424K, reserved 1056768K
  class space    used 614K, capacity 656K, committed 768K, reserved 1048576K
}
Event: 23,777 GC heap before
{Heap before GC invocations=12 (full 2):
 PSYoungGen      total 200192K, used 33270K [0x00000000eab00000, 0x00000000fb000000, 0x0000000100000000)
  eden space 166912K, 0% used [0x00000000eab00000,0x00000000eab00000,0x00000000f4e00000)
  from space 33280K, 99% used [0x00000000f8600000,0x00000000fa67d9a8,0x00000000fa680000)
  to   space 50176K, 0% used [0x00000000f4e00000,0x00000000f4e00000,0x00000000f7f00000)
 ParOldGen       total 84480K, used 76035K [0x00000000c0000000, 0x00000000c5280000, 0x00000000eab00000)
  object space 84480K, 90% used [0x00000000c0000000,0x00000000c4a40ef0,0x00000000c5280000)
 Metaspace       used 6430K, capacity 7256K, committed 7424K, reserved 1056768K
  class space    used 614K, capacity 656K, committed 768K, reserved 1048576K
Event: 25,514 GC heap after
Heap after GC invocations=12 (full 2):
 PSYoungGen      total 200192K, used 20169K [0x00000000eab00000, 0x00000000fb000000, 0x0000000100000000)
  eden space 166912K, 0% used [0x00000000eab00000,0x00000000eab00000,0x00000000f4e00000)
  from space 33280K, 60% used [0x00000000f8600000,0x00000000f99b2470,0x00000000fa680000)
  to   space 50176K, 0% used [0x00000000f4e00000,0x00000000f4e00000,0x00000000f7f00000)
 ParOldGen       total 142336K, used 84336K [0x00000000c0000000, 0x00000000c8b00000, 0x00000000eab00000)
  object space 142336K, 59% used [0x00000000c0000000,0x00000000c525c1f0,0x00000000c8b00000)
 Metaspace       used 6430K, capacity 7256K, committed 7424K, reserved 1056768K
  class space    used 614K, capacity 656K, committed 768K, reserved 1048576K
}
Event: 26,705 GC heap before
{Heap before GC invocations=13 (full 2):
 PSYoungGen      total 200192K, used 187081K [0x00000000eab00000, 0x00000000fb000000, 0x0000000100000000)
  eden space 166912K, 100% used [0x00000000eab00000,0x00000000f4e00000,0x00000000f4e00000)
  from space 33280K, 60% used [0x00000000f8600000,0x00000000f99b2470,0x00000000fa680000)
  to   space 50176K, 0% used [0x00000000f4e00000,0x00000000f4e00000,0x00000000f7f00000)
 ParOldGen       total 142336K, used 84336K [0x00000000c0000000, 0x00000000c8b00000, 0x00000000eab00000)
  object space 142336K, 59% used [0x00000000c0000000,0x00000000c525c1f0,0x00000000c8b00000)
 Metaspace       used 6444K, capacity 7256K, committed 7424K, reserved 1056768K
  class space    used 614K, capacity 656K, committed 768K, reserved 1048576K
Event: 27,582 GC heap after
Heap after GC invocations=13 (full 2):
 PSYoungGen      total 217088K, used 50167K [0x00000000eab00000, 0x0000000100000000, 0x0000000100000000)
  eden space 166912K, 0% used [0x00000000eab00000,0x00000000eab00000,0x00000000f4e00000)
  from space 50176K, 99% used [0x00000000f4e00000,0x00000000f7efde58,0x00000000f7f00000)
  to   space 80896K, 0% used [0x00000000fb100000,0x00000000fb100000,0x0000000100000000)
 ParOldGen       total 144384K, used 143370K [0x00000000c0000000, 0x00000000c8d00000, 0x00000000eab00000)
  object space 144384K, 99% used [0x00000000c0000000,0x00000000c8c02b38,0x00000000c8d00000)
 Metaspace       used 6444K, capacity 7256K, committed 7424K, reserved 1056768K
  class space    used 614K, capacity 656K, committed 768K, reserved 1048576K
}
Event: 27,600 GC heap before
{Heap before GC invocations=14 (full 3):
 PSYoungGen      total 217088K, used 50167K [0x00000000eab00000, 0x0000000100000000, 0x0000000100000000)
  eden space 166912K, 0% used [0x00000000eab00000,0x00000000eab00000,0x00000000f4e00000)
  from space 50176K, 99% used [0x00000000f4e00000,0x00000000f7efde58,0x00000000f7f00000)
  to   space 80896K, 0% used [0x00000000fb100000,0x00000000fb100000,0x0000000100000000)
 ParOldGen       total 144384K, used 143370K [0x00000000c0000000, 0x00000000c8d00000, 0x00000000eab00000)
  object space 144384K, 99% used [0x00000000c0000000,0x00000000c8c02b38,0x00000000c8d00000)
 Metaspace       used 6444K, capacity 7256K, committed 7424K, reserved 1056768K
  class space    used 614K, capacity 656K, committed 768K, reserved 1048576K

