# JRE version: Java(TM) SE Runtime Environment (7.0_80-b15) (build 1.7.0_80-b15)
# Java VM: Java HotSpot(TM) 64-Bit Server VM (24.80-b11 mixed mode linux-amd64 compressed oops)
Heap
 PSYoungGen      total 276992K, used 62971K [0x00000000eaa80000, 0x0000000100000000, 0x0000000100000000)
  eden space 204288K, 0% used [0x00000000eaa80000,0x00000000eaa80000,0x00000000f7200000)
  from space 72704K, 86% used [0x00000000f7200000,0x00000000faf7ec18,0x00000000fb900000)
  to   space 72704K, 0% used [0x00000000fb900000,0x00000000fb900000,0x0000000100000000)
 ParOldGen       total 165376K, used 165206K [0x00000000c0000000, 0x00000000ca180000, 0x00000000eaa80000)
  object space 165376K, 99% used [0x00000000c0000000,0x00000000ca155960,0x00000000ca180000)
 PSPermGen       total 21504K, used 5972K [0x00000000bae00000, 0x00000000bc300000, 0x00000000c0000000)
  object space 21504K, 27% used [0x00000000bae00000,0x00000000bb3d53c0,0x00000000bc300000)
GC Heap History (10 events):
Event: 25,365 GC heap after
Heap after GC invocations=6 (full 0):
 PSYoungGen      total 139264K, used 12119K [0x00000000eaa80000, 0x00000000f4680000, 0x0000000100000000)
  eden space 124928K, 0% used [0x00000000eaa80000,0x00000000eaa80000,0x00000000f2480000)
  from space 14336K, 84% used [0x00000000f3480000,0x00000000f4055da0,0x00000000f4280000)
  to   space 16384K, 0% used [0x00000000f2480000,0x00000000f2480000,0x00000000f3480000)
 ParOldGen       total 40960K, used 19714K [0x00000000c0000000, 0x00000000c2800000, 0x00000000eaa80000)
  object space 40960K, 48% used [0x00000000c0000000,0x00000000c1340920,0x00000000c2800000)
 PSPermGen       total 21504K, used 5953K [0x00000000bae00000, 0x00000000bc300000, 0x00000000c0000000)
  object space 21504K, 27% used [0x00000000bae00000,0x00000000bb3d0468,0x00000000bc300000)
}
Event: 33,759 GC heap before
{Heap before GC invocations=7 (full 0):
 PSYoungGen      total 139264K, used 137047K [0x00000000eaa80000, 0x00000000f4680000, 0x0000000100000000)
  eden space 124928K, 100% used [0x00000000eaa80000,0x00000000f2480000,0x00000000f2480000)
  from space 14336K, 84% used [0x00000000f3480000,0x00000000f4055da0,0x00000000f4280000)
  to   space 16384K, 0% used [0x00000000f2480000,0x00000000f2480000,0x00000000f3480000)
 ParOldGen       total 40960K, used 19714K [0x00000000c0000000, 0x00000000c2800000, 0x00000000eaa80000)
  object space 40960K, 48% used [0x00000000c0000000,0x00000000c1340920,0x00000000c2800000)
 PSPermGen       total 21504K, used 5963K [0x00000000bae00000, 0x00000000bc300000, 0x00000000c0000000)
  object space 21504K, 27% used [0x00000000bae00000,0x00000000bb3d2c90,0x00000000bc300000)
Event: 34,840 GC heap after
Heap after GC invocations=7 (full 0):
 PSYoungGen      total 141312K, used 16375K [0x00000000eaa80000, 0x0000000100000000, 0x0000000100000000)
  eden space 124928K, 0% used [0x00000000eaa80000,0x00000000eaa80000,0x00000000f2480000)
  from space 16384K, 99% used [0x00000000f2480000,0x00000000f347dce0,0x00000000f3480000)
  to   space 51200K, 0% used [0x00000000fce00000,0x00000000fce00000,0x0000000100000000)
 ParOldGen       total 84480K, used 82714K [0x00000000c0000000, 0x00000000c5280000, 0x00000000eaa80000)
  object space 84480K, 97% used [0x00000000c0000000,0x00000000c50c6b08,0x00000000c5280000)
 PSPermGen       total 21504K, used 5963K [0x00000000bae00000, 0x00000000bc300000, 0x00000000c0000000)
  object space 21504K, 27% used [0x00000000bae00000,0x00000000bb3d2c90,0x00000000bc300000)
}
Event: 34,840 GC heap before
{Heap before GC invocations=8 (full 1):
 PSYoungGen      total 141312K, used 16375K [0x00000000eaa80000, 0x0000000100000000, 0x0000000100000000)
  eden space 124928K, 0% used [0x00000000eaa80000,0x00000000eaa80000,0x00000000f2480000)
  from space 16384K, 99% used [0x00000000f2480000,0x00000000f347dce0,0x00000000f3480000)
  to   space 51200K, 0% used [0x00000000fce00000,0x00000000fce00000,0x0000000100000000)
 ParOldGen       total 84480K, used 82714K [0x00000000c0000000, 0x00000000c5280000, 0x00000000eaa80000)
  object space 84480K, 97% used [0x00000000c0000000,0x00000000c50c6b08,0x00000000c5280000)
 PSPermGen       total 21504K, used 5963K [0x00000000bae00000, 0x00000000bc300000, 0x00000000c0000000)
  object space 21504K, 27% used [0x00000000bae00000,0x00000000bb3d2c90,0x00000000bc300000)
Event: 39,051 GC heap after
Heap after GC invocations=8 (full 1):
 PSYoungGen      total 141312K, used 11225K [0x00000000eaa80000, 0x0000000100000000, 0x0000000100000000)
  eden space 124928K, 0% used [0x00000000eaa80000,0x00000000eaa80000,0x00000000f2480000)
  from space 16384K, 68% used [0x00000000f2480000,0x00000000f2f76740,0x00000000f3480000)
  to   space 51200K, 0% used [0x00000000fce00000,0x00000000fce00000,0x0000000100000000)
 ParOldGen       total 150528K, used 84274K [0x00000000c0000000, 0x00000000c9300000, 0x00000000eaa80000)
  object space 150528K, 55% used [0x00000000c0000000,0x00000000c524ca80,0x00000000c9300000)
 PSPermGen       total 21504K, used 5960K [0x00000000bae00000, 0x00000000bc300000, 0x00000000c0000000)
  object space 21504K, 27% used [0x00000000bae00000,0x00000000bb3d2360,0x00000000bc300000)
}
Event: 39,380 GC heap before
{Heap before GC invocations=9 (full 1):
 PSYoungGen      total 141312K, used 136153K [0x00000000eaa80000, 0x0000000100000000, 0x0000000100000000)
  eden space 124928K, 100% used [0x00000000eaa80000,0x00000000f2480000,0x00000000f2480000)
  from space 16384K, 68% used [0x00000000f2480000,0x00000000f2f76740,0x00000000f3480000)
  to   space 51200K, 0% used [0x00000000fce00000,0x00000000fce00000,0x0000000100000000)
 ParOldGen       total 150528K, used 84274K [0x00000000c0000000, 0x00000000c9300000, 0x00000000eaa80000)
  object space 150528K, 55% used [0x00000000c0000000,0x00000000c524ca80,0x00000000c9300000)
 PSPermGen       total 21504K, used 5960K [0x00000000bae00000, 0x00000000bc300000, 0x00000000c0000000)
  object space 21504K, 27% used [0x00000000bae00000,0x00000000bb3d2380,0x00000000bc300000)
Event: 39,923 GC heap after
Heap after GC invocations=9 (full 1):
 PSYoungGen      total 221696K, used 51194K [0x00000000eaa80000, 0x0000000100000000, 0x0000000100000000)
  eden space 170496K, 0% used [0x00000000eaa80000,0x00000000eaa80000,0x00000000f5100000)
  from space 51200K, 99% used [0x00000000fce00000,0x00000000ffffead8,0x0000000100000000)
  to   space 72704K, 0% used [0x00000000f7200000,0x00000000f7200000,0x00000000fb900000)
 ParOldGen       total 150528K, used 108234K [0x00000000c0000000, 0x00000000c9300000, 0x00000000eaa80000)
  object space 150528K, 71% used [0x00000000c0000000,0x00000000c69b2b68,0x00000000c9300000)
 PSPermGen       total 21504K, used 5960K [0x00000000bae00000, 0x00000000bc300000, 0x00000000c0000000)
  object space 21504K, 27% used [0x00000000bae00000,0x00000000bb3d2380,0x00000000bc300000)
}
Event: 42,696 GC heap before
{Heap before GC invocations=10 (full 1):
 PSYoungGen      total 221696K, used 221690K [0x00000000eaa80000, 0x0000000100000000, 0x0000000100000000)
  eden space 170496K, 100% used [0x00000000eaa80000,0x00000000f5100000,0x00000000f5100000)
  from space 51200K, 99% used [0x00000000fce00000,0x00000000ffffead8,0x0000000100000000)
  to   space 72704K, 0% used [0x00000000f7200000,0x00000000f7200000,0x00000000fb900000)
 ParOldGen       total 150528K, used 108234K [0x00000000c0000000, 0x00000000c9300000, 0x00000000eaa80000)
  object space 150528K, 71% used [0x00000000c0000000,0x00000000c69b2b68,0x00000000c9300000)
 PSPermGen       total 21504K, used 5972K [0x00000000bae00000, 0x00000000bc300000, 0x00000000c0000000)
  object space 21504K, 27% used [0x00000000bae00000,0x00000000bb3d53e0,0x00000000bc300000)
Event: 44,147 GC heap after
Heap after GC invocations=10 (full 1):
 PSYoungGen      total 276992K, used 72681K [0x00000000eaa80000, 0x0000000100000000, 0x0000000100000000)
  eden space 204288K, 0% used [0x00000000eaa80000,0x00000000eaa80000,0x00000000f7200000)
  from space 72704K, 99% used [0x00000000f7200000,0x00000000fb8fa6b0,0x00000000fb900000)
  to   space 72704K, 0% used [0x00000000fb900000,0x00000000fb900000,0x0000000100000000)
 ParOldGen       total 165376K, used 164228K [0x00000000c0000000, 0x00000000ca180000, 0x00000000eaa80000)
  object space 165376K, 99% used [0x00000000c0000000,0x00000000ca061268,0x00000000ca180000)
 PSPermGen       total 21504K, used 5972K [0x00000000bae00000, 0x00000000bc300000, 0x00000000c0000000)
  object space 21504K, 27% used [0x00000000bae00000,0x00000000bb3d53e0,0x00000000bc300000)
}
Event: 44,147 GC heap before
{Heap before GC invocations=11 (full 2):
 PSYoungGen      total 276992K, used 72681K [0x00000000eaa80000, 0x0000000100000000, 0x0000000100000000)
  eden space 204288K, 0% used [0x00000000eaa80000,0x00000000eaa80000,0x00000000f7200000)
  from space 72704K, 99% used [0x00000000f7200000,0x00000000fb8fa6b0,0x00000000fb900000)
  to   space 72704K, 0% used [0x00000000fb900000,0x00000000fb900000,0x0000000100000000)
 ParOldGen       total 165376K, used 164228K [0x00000000c0000000, 0x00000000ca180000, 0x00000000eaa80000)
  object space 165376K, 99% used [0x00000000c0000000,0x00000000ca061268,0x00000000ca180000)
 PSPermGen       total 21504K, used 5972K [0x00000000bae00000, 0x00000000bc300000, 0x00000000c0000000)
  object space 21504K, 27% used [0x00000000bae00000,0x00000000bb3d53e0,0x00000000bc300000)

