# JRE version: Java(TM) SE Runtime Environment (7.0_80-b15) (build 1.7.0_80-b15)
# Java VM: Java HotSpot(TM) 64-Bit Server VM (24.80-b11 mixed mode linux-amd64 compressed oops)
Heap
 PSYoungGen      total 236032K, used 11284K [0x00000000eaa80000, 0x0000000100000000, 0x0000000100000000)
  eden space 122368K, 0% used [0x00000000eaa80000,0x00000000eaa80000,0x00000000f2200000)
  from space 113664K, 9% used [0x00000000f2200000,0x00000000f2d050e8,0x00000000f9100000)
  to   space 107008K, 0% used [0x00000000f9780000,0x00000000f9780000,0x0000000100000000)
 ParOldGen       total 241152K, used 240804K [0x00000000c0000000, 0x00000000ceb80000, 0x00000000eaa80000)
  object space 241152K, 99% used [0x00000000c0000000,0x00000000ceb293b8,0x00000000ceb80000)
 PSPermGen       total 21504K, used 5995K [0x00000000bae00000, 0x00000000bc300000, 0x00000000c0000000)
  object space 21504K, 27% used [0x00000000bae00000,0x00000000bb3dae10,0x00000000bc300000)
GC Heap History (10 events):
Event: 54,092 GC heap after
Heap after GC invocations=14 (full 2):
 PSYoungGen      total 267264K, used 51513K [0x00000000eaa80000, 0x0000000100000000, 0x0000000100000000)
  eden space 196096K, 0% used [0x00000000eaa80000,0x00000000eaa80000,0x00000000f6a00000)
  from space 71168K, 72% used [0x00000000fba80000,0x00000000fecce698,0x0000000100000000)
  to   space 76800K, 0% used [0x00000000f6a00000,0x00000000f6a00000,0x00000000fb500000)
 ParOldGen       total 216576K, used 168431K [0x00000000c0000000, 0x00000000cd380000, 0x00000000eaa80000)
  object space 216576K, 77% used [0x00000000c0000000,0x00000000ca47bf48,0x00000000cd380000)
 PSPermGen       total 21504K, used 5983K [0x00000000bae00000, 0x00000000bc300000, 0x00000000c0000000)
  object space 21504K, 27% used [0x00000000bae00000,0x00000000bb3d7ee0,0x00000000bc300000)
}
Event: 58,922 GC heap before
{Heap before GC invocations=15 (full 2):
 PSYoungGen      total 267264K, used 247609K [0x00000000eaa80000, 0x0000000100000000, 0x0000000100000000)
  eden space 196096K, 100% used [0x00000000eaa80000,0x00000000f6a00000,0x00000000f6a00000)
  from space 71168K, 72% used [0x00000000fba80000,0x00000000fecce698,0x0000000100000000)
  to   space 76800K, 0% used [0x00000000f6a00000,0x00000000f6a00000,0x00000000fb500000)
 ParOldGen       total 216576K, used 168431K [0x00000000c0000000, 0x00000000cd380000, 0x00000000eaa80000)
  object space 216576K, 77% used [0x00000000c0000000,0x00000000ca47bf48,0x00000000cd380000)
 PSPermGen       total 21504K, used 5992K [0x00000000bae00000, 0x00000000bc300000, 0x00000000c0000000)
  object space 21504K, 27% used [0x00000000bae00000,0x00000000bb3da288,0x00000000bc300000)
Event: 59,576 GC heap after
Heap after GC invocations=15 (full 2):
 PSYoungGen      total 272896K, used 76785K [0x00000000eaa80000, 0x0000000100000000, 0x0000000100000000)
  eden space 196096K, 0% used [0x00000000eaa80000,0x00000000eaa80000,0x00000000f6a00000)
  from space 76800K, 99% used [0x00000000f6a00000,0x00000000fb4fc608,0x00000000fb500000)
  to   space 76800K, 0% used [0x00000000fb500000,0x00000000fb500000,0x0000000100000000)
 ParOldGen       total 216576K, used 188250K [0x00000000c0000000, 0x00000000cd380000, 0x00000000eaa80000)
  object space 216576K, 86% used [0x00000000c0000000,0x00000000cb7d6ba8,0x00000000cd380000)
 PSPermGen       total 21504K, used 5992K [0x00000000bae00000, 0x00000000bc300000, 0x00000000c0000000)
  object space 21504K, 27% used [0x00000000bae00000,0x00000000bb3da288,0x00000000bc300000)
}
Event: 59,576 GC heap before
{Heap before GC invocations=16 (full 3):
 PSYoungGen      total 272896K, used 76785K [0x00000000eaa80000, 0x0000000100000000, 0x0000000100000000)
  eden space 196096K, 0% used [0x00000000eaa80000,0x00000000eaa80000,0x00000000f6a00000)
  from space 76800K, 99% used [0x00000000f6a00000,0x00000000fb4fc608,0x00000000fb500000)
  to   space 76800K, 0% used [0x00000000fb500000,0x00000000fb500000,0x0000000100000000)
 ParOldGen       total 216576K, used 188250K [0x00000000c0000000, 0x00000000cd380000, 0x00000000eaa80000)
  object space 216576K, 86% used [0x00000000c0000000,0x00000000cb7d6ba8,0x00000000cd380000)
 PSPermGen       total 21504K, used 5992K [0x00000000bae00000, 0x00000000bc300000, 0x00000000c0000000)
  object space 21504K, 27% used [0x00000000bae00000,0x00000000bb3da288,0x00000000bc300000)
Event: 61,683 GC heap after
Heap after GC invocations=16 (full 3):
 PSYoungGen      total 272896K, used 0K [0x00000000eaa80000, 0x0000000100000000, 0x0000000100000000)
  eden space 196096K, 0% used [0x00000000eaa80000,0x00000000eaa80000,0x00000000f6a00000)
  from space 76800K, 0% used [0x00000000f6a00000,0x00000000f6a00000,0x00000000fb500000)
  to   space 76800K, 0% used [0x00000000fb500000,0x00000000fb500000,0x0000000100000000)
 ParOldGen       total 241152K, used 134495K [0x00000000c0000000, 0x00000000ceb80000, 0x00000000eaa80000)
  object space 241152K, 55% used [0x00000000c0000000,0x00000000c8357e18,0x00000000ceb80000)
 PSPermGen       total 21504K, used 5992K [0x00000000bae00000, 0x00000000bc300000, 0x00000000c0000000)
  object space 21504K, 27% used [0x00000000bae00000,0x00000000bb3da048,0x00000000bc300000)
}
Event: 64,071 GC heap before
{Heap before GC invocations=17 (full 3):
 PSYoungGen      total 272896K, used 196096K [0x00000000eaa80000, 0x0000000100000000, 0x0000000100000000)
  eden space 196096K, 100% used [0x00000000eaa80000,0x00000000f6a00000,0x00000000f6a00000)
  from space 76800K, 0% used [0x00000000f6a00000,0x00000000f6a00000,0x00000000fb500000)
  to   space 76800K, 0% used [0x00000000fb500000,0x00000000fb500000,0x0000000100000000)
 ParOldGen       total 241152K, used 134495K [0x00000000c0000000, 0x00000000ceb80000, 0x00000000eaa80000)
  object space 241152K, 55% used [0x00000000c0000000,0x00000000c8357e18,0x00000000ceb80000)
 PSPermGen       total 21504K, used 5995K [0x00000000bae00000, 0x00000000bc300000, 0x00000000c0000000)
  object space 21504K, 27% used [0x00000000bae00000,0x00000000bb3dadc8,0x00000000bc300000)
Event: 64,442 GC heap after
Heap after GC invocations=17 (full 3):
 PSYoungGen      total 199168K, used 76784K [0x00000000eaa80000, 0x0000000100000000, 0x0000000100000000)
  eden space 122368K, 0% used [0x00000000eaa80000,0x00000000eaa80000,0x00000000f2200000)
  from space 76800K, 99% used [0x00000000fb500000,0x00000000ffffc2c0,0x0000000100000000)
  to   space 113664K, 0% used [0x00000000f2200000,0x00000000f2200000,0x00000000f9100000)
 ParOldGen       total 241152K, used 151014K [0x00000000c0000000, 0x00000000ceb80000, 0x00000000eaa80000)
  object space 241152K, 62% used [0x00000000c0000000,0x00000000c9379ac8,0x00000000ceb80000)
 PSPermGen       total 21504K, used 5995K [0x00000000bae00000, 0x00000000bc300000, 0x00000000c0000000)
  object space 21504K, 27% used [0x00000000bae00000,0x00000000bb3dadc8,0x00000000bc300000)
}
Event: 65,671 GC heap before
{Heap before GC invocations=18 (full 3):
 PSYoungGen      total 199168K, used 199152K [0x00000000eaa80000, 0x0000000100000000, 0x0000000100000000)
  eden space 122368K, 100% used [0x00000000eaa80000,0x00000000f2200000,0x00000000f2200000)
  from space 76800K, 99% used [0x00000000fb500000,0x00000000ffffc2c0,0x0000000100000000)
  to   space 113664K, 0% used [0x00000000f2200000,0x00000000f2200000,0x00000000f9100000)
 ParOldGen       total 241152K, used 151014K [0x00000000c0000000, 0x00000000ceb80000, 0x00000000eaa80000)
  object space 241152K, 62% used [0x00000000c0000000,0x00000000c9379ac8,0x00000000ceb80000)
 PSPermGen       total 21504K, used 5995K [0x00000000bae00000, 0x00000000bc300000, 0x00000000c0000000)
  object space 21504K, 27% used [0x00000000bae00000,0x00000000bb3dae70,0x00000000bc300000)
Event: 65,979 GC heap after
Heap after GC invocations=18 (full 3):
 PSYoungGen      total 236032K, used 33534K [0x00000000eaa80000, 0x0000000100000000, 0x0000000100000000)
  eden space 122368K, 0% used [0x00000000eaa80000,0x00000000eaa80000,0x00000000f2200000)
  from space 113664K, 29% used [0x00000000f2200000,0x00000000f42bfae0,0x00000000f9100000)
  to   space 107008K, 0% used [0x00000000f9780000,0x00000000f9780000,0x0000000100000000)
 ParOldGen       total 241152K, used 228438K [0x00000000c0000000, 0x00000000ceb80000, 0x00000000eaa80000)
  object space 241152K, 94% used [0x00000000c0000000,0x00000000cdf15988,0x00000000ceb80000)
 PSPermGen       total 21504K, used 5995K [0x00000000bae00000, 0x00000000bc300000, 0x00000000c0000000)
  object space 21504K, 27% used [0x00000000bae00000,0x00000000bb3dae70,0x00000000bc300000)
}
Event: 65,979 GC heap before
{Heap before GC invocations=19 (full 4):
 PSYoungGen      total 236032K, used 33534K [0x00000000eaa80000, 0x0000000100000000, 0x0000000100000000)
  eden space 122368K, 0% used [0x00000000eaa80000,0x00000000eaa80000,0x00000000f2200000)
  from space 113664K, 29% used [0x00000000f2200000,0x00000000f42bfae0,0x00000000f9100000)
  to   space 107008K, 0% used [0x00000000f9780000,0x00000000f9780000,0x0000000100000000)
 ParOldGen       total 241152K, used 228438K [0x00000000c0000000, 0x00000000ceb80000, 0x00000000eaa80000)
  object space 241152K, 94% used [0x00000000c0000000,0x00000000cdf15988,0x00000000ceb80000)
 PSPermGen       total 21504K, used 5995K [0x00000000bae00000, 0x00000000bc300000, 0x00000000c0000000)
  object space 21504K, 27% used [0x00000000bae00000,0x00000000bb3dae70,0x00000000bc300000)

